{"C:\\Users\\Acer\\Desktop\\Veera\\index.js": {"path":"C:\\Users\\Acer\\Desktop\\Veera\\index.js","statementMap":{"0":{"start":{"line":1,"column":16},"end":{"line":1,"column":34}},"1":{"start":{"line":2,"column":12},"end":{"line":2,"column":21}},"2":{"start":{"line":3,"column":11},"end":{"line":3,"column":34}},"3":{"start":{"line":4,"column":16},"end":{"line":4,"column":34}},"4":{"start":{"line":6,"column":0},"end":{"line":6,"column":31}},"5":{"start":{"line":7,"column":0},"end":{"line":7,"column":33}},"6":{"start":{"line":9,"column":0},"end":{"line":22,"column":5}},"7":{"start":{"line":11,"column":4},"end":{"line":11,"column":42}},"8":{"start":{"line":21,"column":4},"end":{"line":21,"column":51}},"9":{"start":{"line":24,"column":2},"end":{"line":26,"column":5}},"10":{"start":{"line":25,"column":4},"end":{"line":25,"column":56}}},"fnMap":{"0":{"name":"(anonymous_0)","decl":{"start":{"line":10,"column":8},"end":{"line":10,"column":9}},"loc":{"start":{"line":10,"column":14},"end":{"line":19,"column":3}},"line":10},"1":{"name":"(anonymous_1)","decl":{"start":{"line":20,"column":9},"end":{"line":20,"column":10}},"loc":{"start":{"line":20,"column":17},"end":{"line":22,"column":3}},"line":20},"2":{"name":"(anonymous_2)","decl":{"start":{"line":24,"column":36},"end":{"line":24,"column":37}},"loc":{"start":{"line":24,"column":42},"end":{"line":26,"column":3}},"line":24}},"branchMap":{},"s":{"0":1,"1":1,"2":1,"3":1,"4":1,"5":1,"6":1,"7":1,"8":0,"9":1,"10":1},"f":{"0":1,"1":0,"2":1},"b":{},"_coverageSchema":"1a1c01bbd47fc00a2c39e90264f33305004495a9","hash":"ea94027bff9f5887ff9b190ac10089be2c41bc8a"}
,"C:\\Users\\Acer\\Desktop\\Veera\\middlewares\\auth.js": {"path":"C:\\Users\\Acer\\Desktop\\Veera\\middlewares\\auth.js","statementMap":{"0":{"start":{"line":1,"column":12},"end":{"line":1,"column":35}},"1":{"start":{"line":2,"column":15},"end":{"line":2,"column":32}},"2":{"start":{"line":4,"column":0},"end":{"line":16,"column":2}},"3":{"start":{"line":5,"column":2},"end":{"line":7,"column":3}},"4":{"start":{"line":6,"column":4},"end":{"line":6,"column":54}},"5":{"start":{"line":8,"column":2},"end":{"line":15,"column":3}},"6":{"start":{"line":9,"column":18},"end":{"line":9,"column":44}},"7":{"start":{"line":10,"column":20},"end":{"line":10,"column":52}},"8":{"start":{"line":11,"column":4},"end":{"line":11,"column":23}},"9":{"start":{"line":12,"column":4},"end":{"line":12,"column":11}},"10":{"start":{"line":14,"column":4},"end":{"line":14,"column":43}}},"fnMap":{"0":{"name":"(anonymous_0)","decl":{"start":{"line":4,"column":17},"end":{"line":4,"column":18}},"loc":{"start":{"line":4,"column":43},"end":{"line":16,"column":1}},"line":4}},"branchMap":{"0":{"loc":{"start":{"line":5,"column":2},"end":{"line":7,"column":3}},"type":"if","locations":[{"start":{"line":5,"column":2},"end":{"line":7,"column":3}},{"start":{},"end":{}}],"line":5}},"s":{"0":1,"1":1,"2":1,"3":0,"4":0,"5":0,"6":0,"7":0,"8":0,"9":0,"10":0},"f":{"0":0},"b":{"0":[0,0]},"_coverageSchema":"1a1c01bbd47fc00a2c39e90264f33305004495a9","hash":"02bda8c0a88ed2231a032c0773069acd4937447f"}
,"C:\\Users\\Acer\\Desktop\\Veera\\middlewares\\error.js": {"path":"C:\\Users\\Acer\\Desktop\\Veera\\middlewares\\error.js","statementMap":{"0":{"start":{"line":1,"column":16},"end":{"line":1,"column":34}},"1":{"start":{"line":3,"column":0},"end":{"line":6,"column":2}},"2":{"start":{"line":4,"column":2},"end":{"line":4,"column":21}},"3":{"start":{"line":5,"column":2},"end":{"line":5,"column":44}}},"fnMap":{"0":{"name":"(anonymous_0)","decl":{"start":{"line":3,"column":17},"end":{"line":3,"column":18}},"loc":{"start":{"line":3,"column":42},"end":{"line":6,"column":1}},"line":3}},"branchMap":{},"s":{"0":1,"1":1,"2":0,"3":0},"f":{"0":0},"b":{},"_coverageSchema":"1a1c01bbd47fc00a2c39e90264f33305004495a9","hash":"99c7715796161e145c9847c305173c5a8ba9b27f"}
,"C:\\Users\\Acer\\Desktop\\Veera\\middlewares\\isAdmin.js": {"path":"C:\\Users\\Acer\\Desktop\\Veera\\middlewares\\isAdmin.js","statementMap":{"0":{"start":{"line":1,"column":0},"end":{"line":4,"column":2}},"1":{"start":{"line":2,"column":2},"end":{"line":2,"column":80}},"2":{"start":{"line":2,"column":34},"end":{"line":2,"column":80}},"3":{"start":{"line":3,"column":2},"end":{"line":3,"column":9}}},"fnMap":{"0":{"name":"(anonymous_0)","decl":{"start":{"line":1,"column":17},"end":{"line":1,"column":18}},"loc":{"start":{"line":1,"column":43},"end":{"line":4,"column":1}},"line":1}},"branchMap":{"0":{"loc":{"start":{"line":2,"column":2},"end":{"line":2,"column":80}},"type":"if","locations":[{"start":{"line":2,"column":2},"end":{"line":2,"column":80}},{"start":{},"end":{}}],"line":2}},"s":{"0":1,"1":0,"2":0,"3":0},"f":{"0":0},"b":{"0":[0,0]},"_coverageSchema":"1a1c01bbd47fc00a2c39e90264f33305004495a9","hash":"cb97c32f92e9fafd9aa6d1208eeb53751085edb1"}
,"C:\\Users\\Acer\\Desktop\\Veera\\middlewares\\isMailCode.js": {"path":"C:\\Users\\Acer\\Desktop\\Veera\\middlewares\\isMailCode.js","statementMap":{"0":{"start":{"line":1,"column":17},"end":{"line":1,"column":46}},"1":{"start":{"line":3,"column":0},"end":{"line":27,"column":2}},"2":{"start":{"line":4,"column":2},"end":{"line":26,"column":3}},"3":{"start":{"line":5,"column":21},"end":{"line":9,"column":6}},"4":{"start":{"line":11,"column":4},"end":{"line":11,"column":68}},"5":{"start":{"line":11,"column":19},"end":{"line":11,"column":68}},"6":{"start":{"line":13,"column":21},"end":{"line":13,"column":40}},"7":{"start":{"line":15,"column":4},"end":{"line":15,"column":67}},"8":{"start":{"line":15,"column":15},"end":{"line":15,"column":67}},"9":{"start":{"line":17,"column":4},"end":{"line":20,"column":68}},"10":{"start":{"line":18,"column":6},"end":{"line":20,"column":68}},"11":{"start":{"line":22,"column":4},"end":{"line":22,"column":11}},"12":{"start":{"line":24,"column":4},"end":{"line":24,"column":22}},"13":{"start":{"line":25,"column":4},"end":{"line":25,"column":46}}},"fnMap":{"0":{"name":"(anonymous_0)","decl":{"start":{"line":3,"column":17},"end":{"line":3,"column":18}},"loc":{"start":{"line":3,"column":43},"end":{"line":27,"column":1}},"line":3}},"branchMap":{"0":{"loc":{"start":{"line":11,"column":4},"end":{"line":11,"column":68}},"type":"if","locations":[{"start":{"line":11,"column":4},"end":{"line":11,"column":68}},{"start":{},"end":{}}],"line":11},"1":{"loc":{"start":{"line":15,"column":4},"end":{"line":15,"column":67}},"type":"if","locations":[{"start":{"line":15,"column":4},"end":{"line":15,"column":67}},{"start":{},"end":{}}],"line":15},"2":{"loc":{"start":{"line":17,"column":4},"end":{"line":20,"column":68}},"type":"if","locations":[{"start":{"line":17,"column":4},"end":{"line":20,"column":68}},{"start":{},"end":{}}],"line":17}},"s":{"0":1,"1":1,"2":0,"3":0,"4":0,"5":0,"6":0,"7":0,"8":0,"9":0,"10":0,"11":0,"12":0,"13":0},"f":{"0":0},"b":{"0":[0,0],"1":[0,0],"2":[0,0]},"_coverageSchema":"1a1c01bbd47fc00a2c39e90264f33305004495a9","hash":"e20f8428b40f41ce244e0e95308737c213f18806"}
,"C:\\Users\\Acer\\Desktop\\Veera\\models\\benefit_type.js": {"path":"C:\\Users\\Acer\\Desktop\\Veera\\models\\benefit_type.js","statementMap":{"0":{"start":{"line":1,"column":18},"end":{"line":1,"column":38}},"1":{"start":{"line":2,"column":11},"end":{"line":2,"column":35}},"2":{"start":{"line":4,"column":21},"end":{"line":16,"column":1}},"3":{"start":{"line":18,"column":0},"end":{"line":18,"column":30}}},"fnMap":{},"branchMap":{},"s":{"0":1,"1":1,"2":1,"3":1},"f":{},"b":{},"_coverageSchema":"1a1c01bbd47fc00a2c39e90264f33305004495a9","hash":"36c8980f26bec0092ebf8acde3d15e9e768d62c5"}
,"C:\\Users\\Acer\\Desktop\\Veera\\models\\benefits.js": {"path":"C:\\Users\\Acer\\Desktop\\Veera\\models\\benefits.js","statementMap":{"0":{"start":{"line":1,"column":18},"end":{"line":1,"column":38}},"1":{"start":{"line":2,"column":11},"end":{"line":2,"column":35}},"2":{"start":{"line":3,"column":21},"end":{"line":3,"column":46}},"3":{"start":{"line":4,"column":17},"end":{"line":4,"column":38}},"4":{"start":{"line":5,"column":16},"end":{"line":5,"column":34}},"5":{"start":{"line":6,"column":15},"end":{"line":6,"column":32}},"6":{"start":{"line":8,"column":16},"end":{"line":12,"column":2}},"7":{"start":{"line":14,"column":0},"end":{"line":33,"column":3}},"8":{"start":{"line":15,"column":2},"end":{"line":32,"column":3}},"9":{"start":{"line":16,"column":14},"end":{"line":23,"column":5}},"10":{"start":{"line":24,"column":21},"end":{"line":24,"column":45}},"11":{"start":{"line":26,"column":4},"end":{"line":29,"column":17}},"12":{"start":{"line":27,"column":6},"end":{"line":27,"column":37}},"13":{"start":{"line":28,"column":6},"end":{"line":28,"column":30}},"14":{"start":{"line":31,"column":4},"end":{"line":31,"column":21}},"15":{"start":{"line":35,"column":0},"end":{"line":38,"column":3}},"16":{"start":{"line":40,"column":0},"end":{"line":43,"column":3}},"17":{"start":{"line":45,"column":0},"end":{"line":48,"column":3}},"18":{"start":{"line":50,"column":0},"end":{"line":50,"column":25}}},"fnMap":{"0":{"name":"(anonymous_0)","decl":{"start":{"line":14,"column":20},"end":{"line":14,"column":21}},"loc":{"start":{"line":14,"column":39},"end":{"line":33,"column":1}},"line":14},"1":{"name":"(anonymous_1)","decl":{"start":{"line":26,"column":15},"end":{"line":26,"column":16}},"loc":{"start":{"line":26,"column":27},"end":{"line":29,"column":5}},"line":26}},"branchMap":{},"s":{"0":1,"1":1,"2":1,"3":1,"4":1,"5":1,"6":1,"7":1,"8":0,"9":0,"10":0,"11":0,"12":0,"13":0,"14":0,"15":1,"16":1,"17":1,"18":1},"f":{"0":0,"1":0},"b":{},"_coverageSchema":"1a1c01bbd47fc00a2c39e90264f33305004495a9","hash":"2641003e59dd5a2b5cb9cab66f1fc57e86f37516"}
,"C:\\Users\\Acer\\Desktop\\Veera\\models\\chatRoom.js": {"path":"C:\\Users\\Acer\\Desktop\\Veera\\models\\chatRoom.js","statementMap":{"0":{"start":{"line":1,"column":18},"end":{"line":1,"column":38}},"1":{"start":{"line":2,"column":11},"end":{"line":2,"column":35}},"2":{"start":{"line":4,"column":17},"end":{"line":13,"column":1}},"3":{"start":{"line":15,"column":0},"end":{"line":15,"column":26}}},"fnMap":{},"branchMap":{},"s":{"0":1,"1":1,"2":1,"3":1},"f":{},"b":{},"_coverageSchema":"1a1c01bbd47fc00a2c39e90264f33305004495a9","hash":"890a252744584187f2858c9deee94444fb491f3c"}
,"C:\\Users\\Acer\\Desktop\\Veera\\models\\department.js": {"path":"C:\\Users\\Acer\\Desktop\\Veera\\models\\department.js","statementMap":{"0":{"start":{"line":1,"column":16},"end":{"line":1,"column":34}},"1":{"start":{"line":2,"column":18},"end":{"line":2,"column":38}},"2":{"start":{"line":3,"column":11},"end":{"line":3,"column":35}},"3":{"start":{"line":4,"column":17},"end":{"line":4,"column":38}},"4":{"start":{"line":6,"column":19},"end":{"line":8,"column":2}},"5":{"start":{"line":10,"column":0},"end":{"line":15,"column":3}},"6":{"start":{"line":17,"column":0},"end":{"line":17,"column":28}}},"fnMap":{},"branchMap":{},"s":{"0":1,"1":1,"2":1,"3":1,"4":1,"5":1,"6":1},"f":{},"b":{},"_coverageSchema":"1a1c01bbd47fc00a2c39e90264f33305004495a9","hash":"fe6a30d65cbfd552df20afee9582479f288b9cfa"}
,"C:\\Users\\Acer\\Desktop\\Veera\\models\\education.js": {"path":"C:\\Users\\Acer\\Desktop\\Veera\\models\\education.js","statementMap":{"0":{"start":{"line":1,"column":18},"end":{"line":1,"column":38}},"1":{"start":{"line":2,"column":11},"end":{"line":2,"column":35}},"2":{"start":{"line":3,"column":17},"end":{"line":3,"column":38}},"3":{"start":{"line":5,"column":18},"end":{"line":11,"column":2}},"4":{"start":{"line":13,"column":0},"end":{"line":18,"column":3}},"5":{"start":{"line":20,"column":0},"end":{"line":20,"column":27}}},"fnMap":{},"branchMap":{},"s":{"0":1,"1":1,"2":1,"3":1,"4":1,"5":1},"f":{},"b":{},"_coverageSchema":"1a1c01bbd47fc00a2c39e90264f33305004495a9","hash":"2dd84297073b2ebe1e55fb0b4297e6d768e7f66c"}
,"C:\\Users\\Acer\\Desktop\\Veera\\models\\employee.js": {"path":"C:\\Users\\Acer\\Desktop\\Veera\\models\\employee.js","statementMap":{"0":{"start":{"line":1,"column":17},"end":{"line":1,"column":41}},"1":{"start":{"line":2,"column":18},"end":{"line":2,"column":38}},"2":{"start":{"line":3,"column":11},"end":{"line":3,"column":35}},"3":{"start":{"line":4,"column":12},"end":{"line":4,"column":35}},"4":{"start":{"line":5,"column":16},"end":{"line":5,"column":34}},"5":{"start":{"line":6,"column":19},"end":{"line":6,"column":42}},"6":{"start":{"line":7,"column":21},"end":{"line":7,"column":47}},"7":{"start":{"line":8,"column":15},"end":{"line":8,"column":32}},"8":{"start":{"line":10,"column":17},"end":{"line":74,"column":1}},"9":{"start":{"line":54,"column":21},"end":{"line":54,"column":103}},"10":{"start":{"line":55,"column":6},"end":{"line":61,"column":7}},"11":{"start":{"line":56,"column":8},"end":{"line":56,"column":47}},"12":{"start":{"line":57,"column":13},"end":{"line":61,"column":7}},"13":{"start":{"line":58,"column":8},"end":{"line":58,"column":39}},"14":{"start":{"line":59,"column":13},"end":{"line":61,"column":7}},"15":{"start":{"line":60,"column":8},"end":{"line":60,"column":42}},"16":{"start":{"line":76,"column":0},"end":{"line":81,"column":3}},"17":{"start":{"line":82,"column":0},"end":{"line":87,"column":3}},"18":{"start":{"line":89,"column":0},"end":{"line":95,"column":3}},"19":{"start":{"line":97,"column":0},"end":{"line":102,"column":3}},"20":{"start":{"line":104,"column":0},"end":{"line":110,"column":3}},"21":{"start":{"line":112,"column":0},"end":{"line":118,"column":2}},"22":{"start":{"line":113,"column":16},"end":{"line":116,"column":3}},"23":{"start":{"line":117,"column":2},"end":{"line":117,"column":15}},"24":{"start":{"line":120,"column":0},"end":{"line":134,"column":2}},"25":{"start":{"line":121,"column":21},"end":{"line":131,"column":4}},"26":{"start":{"line":133,"column":2},"end":{"line":133,"column":20}},"27":{"start":{"line":138,"column":0},"end":{"line":164,"column":3}},"28":{"start":{"line":139,"column":2},"end":{"line":163,"column":3}},"29":{"start":{"line":140,"column":4},"end":{"line":143,"column":34}},"30":{"start":{"line":145,"column":14},"end":{"line":145,"column":40}},"31":{"start":{"line":146,"column":17},"end":{"line":146,"column":25}},"32":{"start":{"line":148,"column":15},"end":{"line":148,"column":44}},"33":{"start":{"line":149,"column":4},"end":{"line":149,"column":56}},"34":{"start":{"line":150,"column":4},"end":{"line":150,"column":21}},"35":{"start":{"line":151,"column":4},"end":{"line":151,"column":18}},"36":{"start":{"line":152,"column":4},"end":{"line":152,"column":20}},"37":{"start":{"line":154,"column":4},"end":{"line":160,"column":7}},"38":{"start":{"line":155,"column":6},"end":{"line":158,"column":9}},"39":{"start":{"line":159,"column":6},"end":{"line":159,"column":62}},"40":{"start":{"line":162,"column":4},"end":{"line":162,"column":54}},"41":{"start":{"line":166,"column":0},"end":{"line":168,"column":3}},"42":{"start":{"line":167,"column":2},"end":{"line":167,"column":19}},"43":{"start":{"line":170,"column":0},"end":{"line":170,"column":26}}},"fnMap":{"0":{"name":"(anonymous_0)","decl":{"start":{"line":53,"column":6},"end":{"line":53,"column":7}},"loc":{"start":{"line":53,"column":12},"end":{"line":62,"column":7}},"line":53},"1":{"name":"(anonymous_1)","decl":{"start":{"line":112,"column":39},"end":{"line":112,"column":40}},"loc":{"start":{"line":112,"column":51},"end":{"line":118,"column":1}},"line":112},"2":{"name":"(anonymous_2)","decl":{"start":{"line":120,"column":27},"end":{"line":120,"column":28}},"loc":{"start":{"line":120,"column":45},"end":{"line":134,"column":1}},"line":120},"3":{"name":"(anonymous_3)","decl":{"start":{"line":138,"column":21},"end":{"line":138,"column":22}},"loc":{"start":{"line":138,"column":50},"end":{"line":164,"column":1}},"line":138},"4":{"name":"(anonymous_4)","decl":{"start":{"line":154,"column":35},"end":{"line":154,"column":36}},"loc":{"start":{"line":154,"column":47},"end":{"line":160,"column":5}},"line":154},"5":{"name":"(anonymous_5)","decl":{"start":{"line":166,"column":22},"end":{"line":166,"column":23}},"loc":{"start":{"line":166,"column":34},"end":{"line":168,"column":1}},"line":166}},"branchMap":{"0":{"loc":{"start":{"line":55,"column":6},"end":{"line":61,"column":7}},"type":"if","locations":[{"start":{"line":55,"column":6},"end":{"line":61,"column":7}},{"start":{"line":57,"column":13},"end":{"line":61,"column":7}}],"line":55},"1":{"loc":{"start":{"line":57,"column":13},"end":{"line":61,"column":7}},"type":"if","locations":[{"start":{"line":57,"column":13},"end":{"line":61,"column":7}},{"start":{"line":59,"column":13},"end":{"line":61,"column":7}}],"line":57},"2":{"loc":{"start":{"line":59,"column":13},"end":{"line":61,"column":7}},"type":"if","locations":[{"start":{"line":59,"column":13},"end":{"line":61,"column":7}},{"start":{},"end":{}}],"line":59}},"s":{"0":1,"1":1,"2":1,"3":1,"4":1,"5":1,"6":1,"7":1,"8":1,"9":1,"10":1,"11":0,"12":1,"13":0,"14":1,"15":0,"16":1,"17":1,"18":1,"19":1,"20":1,"21":1,"22":1,"23":1,"24":1,"25":0,"26":0,"27":1,"28":3,"29":3,"30":3,"31":3,"32":3,"33":3,"34":3,"35":3,"36":3,"37":3,"38":0,"39":0,"40":0,"41":1,"42":0,"43":1},"f":{"0":1,"1":1,"2":0,"3":3,"4":0,"5":0},"b":{"0":[0,1],"1":[0,1],"2":[0,1]},"_coverageSchema":"1a1c01bbd47fc00a2c39e90264f33305004495a9","hash":"560377380561fba08f6981786e4073aac78d42e2"}
,"C:\\Users\\Acer\\Desktop\\Veera\\models\\experience.js": {"path":"C:\\Users\\Acer\\Desktop\\Veera\\models\\experience.js","statementMap":{"0":{"start":{"line":1,"column":18},"end":{"line":1,"column":38}},"1":{"start":{"line":2,"column":11},"end":{"line":2,"column":35}},"2":{"start":{"line":4,"column":19},"end":{"line":12,"column":2}},"3":{"start":{"line":14,"column":0},"end":{"line":14,"column":28}}},"fnMap":{},"branchMap":{},"s":{"0":1,"1":1,"2":1,"3":1},"f":{},"b":{},"_coverageSchema":"1a1c01bbd47fc00a2c39e90264f33305004495a9","hash":"93ef86144687dc34552058b87903d9685f57aa18"}
,"C:\\Users\\Acer\\Desktop\\Veera\\models\\mailCode.js": {"path":"C:\\Users\\Acer\\Desktop\\Veera\\models\\mailCode.js","statementMap":{"0":{"start":{"line":1,"column":18},"end":{"line":1,"column":38}},"1":{"start":{"line":2,"column":11},"end":{"line":2,"column":35}},"2":{"start":{"line":4,"column":17},"end":{"line":7,"column":2}},"3":{"start":{"line":9,"column":0},"end":{"line":9,"column":26}}},"fnMap":{},"branchMap":{},"s":{"0":1,"1":1,"2":1,"3":1},"f":{},"b":{},"_coverageSchema":"1a1c01bbd47fc00a2c39e90264f33305004495a9","hash":"c5721c2fc4614835c1ff208d56c9a16f7dd2848a"}
,"C:\\Users\\Acer\\Desktop\\Veera\\models\\meeting.js": {"path":"C:\\Users\\Acer\\Desktop\\Veera\\models\\meeting.js","statementMap":{"0":{"start":{"line":1,"column":18},"end":{"line":1,"column":38}},"1":{"start":{"line":2,"column":11},"end":{"line":2,"column":35}},"2":{"start":{"line":3,"column":17},"end":{"line":3,"column":38}},"3":{"start":{"line":4,"column":19},"end":{"line":4,"column":42}},"4":{"start":{"line":5,"column":22},"end":{"line":5,"column":68}},"5":{"start":{"line":7,"column":16},"end":{"line":13,"column":2}},"6":{"start":{"line":15,"column":16},"end":{"line":15,"column":34}},"7":{"start":{"line":17,"column":0},"end":{"line":22,"column":3}},"8":{"start":{"line":24,"column":0},"end":{"line":31,"column":3}},"9":{"start":{"line":33,"column":0},"end":{"line":40,"column":3}},"10":{"start":{"line":42,"column":0},"end":{"line":42,"column":25}}},"fnMap":{},"branchMap":{},"s":{"0":1,"1":1,"2":1,"3":1,"4":1,"5":1,"6":1,"7":1,"8":1,"9":1,"10":1},"f":{},"b":{},"_coverageSchema":"1a1c01bbd47fc00a2c39e90264f33305004495a9","hash":"93c00f5910027dcce57c698bd5e801b5b9401f67"}
,"C:\\Users\\Acer\\Desktop\\Veera\\models\\message.js": {"path":"C:\\Users\\Acer\\Desktop\\Veera\\models\\message.js","statementMap":{"0":{"start":{"line":1,"column":18},"end":{"line":1,"column":38}},"1":{"start":{"line":2,"column":11},"end":{"line":2,"column":35}},"2":{"start":{"line":3,"column":17},"end":{"line":3,"column":38}},"3":{"start":{"line":4,"column":17},"end":{"line":4,"column":38}},"4":{"start":{"line":7,"column":16},"end":{"line":24,"column":1}},"5":{"start":{"line":26,"column":0},"end":{"line":31,"column":3}},"6":{"start":{"line":33,"column":0},"end":{"line":38,"column":3}},"7":{"start":{"line":40,"column":0},"end":{"line":46,"column":3}},"8":{"start":{"line":47,"column":0},"end":{"line":47,"column":25}}},"fnMap":{},"branchMap":{},"s":{"0":1,"1":1,"2":1,"3":1,"4":1,"5":1,"6":1,"7":1,"8":1},"f":{},"b":{},"_coverageSchema":"1a1c01bbd47fc00a2c39e90264f33305004495a9","hash":"07cce2b1fcfaaf39d5553f8e09ddd9b6b8e2cfa1"}
,"C:\\Users\\Acer\\Desktop\\Veera\\models\\notifications.js": {"path":"C:\\Users\\Acer\\Desktop\\Veera\\models\\notifications.js","statementMap":{"0":{"start":{"line":1,"column":18},"end":{"line":1,"column":38}},"1":{"start":{"line":2,"column":11},"end":{"line":2,"column":35}},"2":{"start":{"line":5,"column":21},"end":{"line":17,"column":1}},"3":{"start":{"line":19,"column":0},"end":{"line":19,"column":30}}},"fnMap":{},"branchMap":{},"s":{"0":1,"1":1,"2":1,"3":1},"f":{},"b":{},"_coverageSchema":"1a1c01bbd47fc00a2c39e90264f33305004495a9","hash":"ea9a008170abe0879de1d9955c0d4504de6bca4d"}
,"C:\\Users\\Acer\\Desktop\\Veera\\models\\performance.js": {"path":"C:\\Users\\Acer\\Desktop\\Veera\\models\\performance.js","statementMap":{"0":{"start":{"line":1,"column":18},"end":{"line":1,"column":38}},"1":{"start":{"line":2,"column":11},"end":{"line":2,"column":35}},"2":{"start":{"line":3,"column":17},"end":{"line":3,"column":38}},"3":{"start":{"line":5,"column":20},"end":{"line":39,"column":1}},"4":{"start":{"line":20,"column":23},"end":{"line":20,"column":50}},"5":{"start":{"line":21,"column":8},"end":{"line":27,"column":9}},"6":{"start":{"line":22,"column":10},"end":{"line":22,"column":33}},"7":{"start":{"line":23,"column":15},"end":{"line":27,"column":9}},"8":{"start":{"line":24,"column":10},"end":{"line":24,"column":27}},"9":{"start":{"line":26,"column":10},"end":{"line":26,"column":33}},"10":{"start":{"line":41,"column":0},"end":{"line":46,"column":3}},"11":{"start":{"line":48,"column":0},"end":{"line":48,"column":29}}},"fnMap":{"0":{"name":"(anonymous_0)","decl":{"start":{"line":19,"column":6},"end":{"line":19,"column":7}},"loc":{"start":{"line":19,"column":13},"end":{"line":28,"column":7}},"line":19}},"branchMap":{"0":{"loc":{"start":{"line":21,"column":8},"end":{"line":27,"column":9}},"type":"if","locations":[{"start":{"line":21,"column":8},"end":{"line":27,"column":9}},{"start":{"line":23,"column":15},"end":{"line":27,"column":9}}],"line":21},"1":{"loc":{"start":{"line":23,"column":15},"end":{"line":27,"column":9}},"type":"if","locations":[{"start":{"line":23,"column":15},"end":{"line":27,"column":9}},{"start":{"line":25,"column":15},"end":{"line":27,"column":9}}],"line":23}},"s":{"0":1,"1":1,"2":1,"3":1,"4":0,"5":0,"6":0,"7":0,"8":0,"9":0,"10":1,"11":1},"f":{"0":0},"b":{"0":[0,0],"1":[0,0]},"_coverageSchema":"1a1c01bbd47fc00a2c39e90264f33305004495a9","hash":"1caf607de6f76c837e7f5f92cd9e6c9890826631"}
,"C:\\Users\\Acer\\Desktop\\Veera\\models\\skills.js": {"path":"C:\\Users\\Acer\\Desktop\\Veera\\models\\skills.js","statementMap":{"0":{"start":{"line":1,"column":18},"end":{"line":1,"column":38}},"1":{"start":{"line":2,"column":11},"end":{"line":2,"column":35}},"2":{"start":{"line":3,"column":22},"end":{"line":3,"column":68}},"3":{"start":{"line":4,"column":17},"end":{"line":4,"column":38}},"4":{"start":{"line":6,"column":14},"end":{"line":21,"column":1}},"5":{"start":{"line":23,"column":0},"end":{"line":23,"column":57}},"6":{"start":{"line":24,"column":0},"end":{"line":24,"column":63}},"7":{"start":{"line":26,"column":0},"end":{"line":30,"column":3}},"8":{"start":{"line":32,"column":0},"end":{"line":36,"column":3}},"9":{"start":{"line":38,"column":0},"end":{"line":38,"column":23}}},"fnMap":{},"branchMap":{},"s":{"0":1,"1":1,"2":1,"3":1,"4":1,"5":1,"6":1,"7":1,"8":1,"9":1},"f":{},"b":{},"_coverageSchema":"1a1c01bbd47fc00a2c39e90264f33305004495a9","hash":"7eff713b9422ea34f5c1dd4f950295bb83642c60"}
,"C:\\Users\\Acer\\Desktop\\Veera\\models\\ticket.js": {"path":"C:\\Users\\Acer\\Desktop\\Veera\\models\\ticket.js","statementMap":{"0":{"start":{"line":1,"column":16},"end":{"line":1,"column":34}},"1":{"start":{"line":2,"column":18},"end":{"line":2,"column":38}},"2":{"start":{"line":3,"column":11},"end":{"line":3,"column":35}},"3":{"start":{"line":4,"column":17},"end":{"line":4,"column":38}},"4":{"start":{"line":5,"column":21},"end":{"line":5,"column":55}},"5":{"start":{"line":6,"column":15},"end":{"line":6,"column":32}},"6":{"start":{"line":8,"column":15},"end":{"line":22,"column":1}},"7":{"start":{"line":25,"column":0},"end":{"line":60,"column":3}},"8":{"start":{"line":26,"column":2},"end":{"line":59,"column":3}},"9":{"start":{"line":27,"column":14},"end":{"line":34,"column":5}},"10":{"start":{"line":36,"column":23},"end":{"line":36,"column":67}},"11":{"start":{"line":37,"column":14},"end":{"line":37,"column":34}},"12":{"start":{"line":39,"column":21},"end":{"line":39,"column":45}},"13":{"start":{"line":41,"column":4},"end":{"line":44,"column":17}},"14":{"start":{"line":42,"column":6},"end":{"line":42,"column":37}},"15":{"start":{"line":43,"column":6},"end":{"line":43,"column":29}},"16":{"start":{"line":46,"column":24},"end":{"line":46,"column":25}},"17":{"start":{"line":47,"column":4},"end":{"line":47,"column":41}},"18":{"start":{"line":48,"column":4},"end":{"line":48,"column":29}},"19":{"start":{"line":49,"column":25},"end":{"line":49,"column":59}},"20":{"start":{"line":51,"column":4},"end":{"line":56,"column":21}},"21":{"start":{"line":52,"column":6},"end":{"line":55,"column":9}},"22":{"start":{"line":58,"column":4},"end":{"line":58,"column":21}},"23":{"start":{"line":62,"column":0},"end":{"line":67,"column":3}},"24":{"start":{"line":69,"column":0},"end":{"line":74,"column":3}},"25":{"start":{"line":76,"column":0},"end":{"line":76,"column":24}}},"fnMap":{"0":{"name":"(anonymous_0)","decl":{"start":{"line":25,"column":19},"end":{"line":25,"column":20}},"loc":{"start":{"line":25,"column":37},"end":{"line":60,"column":1}},"line":25},"1":{"name":"(anonymous_1)","decl":{"start":{"line":41,"column":15},"end":{"line":41,"column":16}},"loc":{"start":{"line":41,"column":27},"end":{"line":44,"column":5}},"line":41},"2":{"name":"(anonymous_2)","decl":{"start":{"line":51,"column":15},"end":{"line":51,"column":16}},"loc":{"start":{"line":51,"column":27},"end":{"line":56,"column":5}},"line":51}},"branchMap":{},"s":{"0":1,"1":1,"2":1,"3":1,"4":1,"5":1,"6":1,"7":1,"8":0,"9":0,"10":0,"11":0,"12":0,"13":0,"14":0,"15":0,"16":0,"17":0,"18":0,"19":0,"20":0,"21":0,"22":0,"23":1,"24":1,"25":1},"f":{"0":0,"1":0,"2":0},"b":{},"_coverageSchema":"1a1c01bbd47fc00a2c39e90264f33305004495a9","hash":"568b830794aba27df1fd497aad0e7c30d5d83897"}
,"C:\\Users\\Acer\\Desktop\\Veera\\models\\intermediate models\\EmployeeSkill.js": {"path":"C:\\Users\\Acer\\Desktop\\Veera\\models\\intermediate models\\EmployeeSkill.js","statementMap":{"0":{"start":{"line":1,"column":11},"end":{"line":1,"column":38}},"1":{"start":{"line":2,"column":18},"end":{"line":2,"column":38}},"2":{"start":{"line":4,"column":22},"end":{"line":22,"column":1}},"3":{"start":{"line":24,"column":0},"end":{"line":24,"column":31}}},"fnMap":{},"branchMap":{},"s":{"0":1,"1":1,"2":1,"3":1},"f":{},"b":{},"_coverageSchema":"1a1c01bbd47fc00a2c39e90264f33305004495a9","hash":"32f759bb711f608f586f282019c78c2e317badb1"}
,"C:\\Users\\Acer\\Desktop\\Veera\\models\\intermediate models\\MeetingMember.js": {"path":"C:\\Users\\Acer\\Desktop\\Veera\\models\\intermediate models\\MeetingMember.js","statementMap":{"0":{"start":{"line":1,"column":11},"end":{"line":1,"column":38}},"1":{"start":{"line":2,"column":18},"end":{"line":2,"column":38}},"2":{"start":{"line":3,"column":17},"end":{"line":3,"column":39}},"3":{"start":{"line":4,"column":16},"end":{"line":4,"column":37}},"4":{"start":{"line":5,"column":15},"end":{"line":5,"column":32}},"5":{"start":{"line":6,"column":16},"end":{"line":6,"column":34}},"6":{"start":{"line":8,"column":22},"end":{"line":36,"column":1}},"7":{"start":{"line":38,"column":0},"end":{"line":38,"column":31}}},"fnMap":{},"branchMap":{},"s":{"0":1,"1":1,"2":1,"3":1,"4":1,"5":1,"6":1,"7":1},"f":{},"b":{},"_coverageSchema":"1a1c01bbd47fc00a2c39e90264f33305004495a9","hash":"b37999de106f1003a96a570e913bdc5fe354b5ff"}
,"C:\\Users\\Acer\\Desktop\\Veera\\routes\\benefits.js": {"path":"C:\\Users\\Acer\\Desktop\\Veera\\routes\\benefits.js","statementMap":{"0":{"start":{"line":1,"column":16},"end":{"line":1,"column":34}},"1":{"start":{"line":2,"column":15},"end":{"line":2,"column":31}},"2":{"start":{"line":3,"column":16},"end":{"line":3,"column":34}},"3":{"start":{"line":4,"column":13},"end":{"line":4,"column":43}},"4":{"start":{"line":5,"column":15},"end":{"line":5,"column":32}},"5":{"start":{"line":6,"column":16},"end":{"line":6,"column":49}},"6":{"start":{"line":7,"column":17},"end":{"line":7,"column":46}},"7":{"start":{"line":8,"column":16},"end":{"line":8,"column":45}},"8":{"start":{"line":9,"column":21},"end":{"line":9,"column":54}},"9":{"start":{"line":11,"column":0},"end":{"line":49,"column":3}},"10":{"start":{"line":12,"column":15},"end":{"line":12,"column":23}},"11":{"start":{"line":13,"column":2},"end":{"line":13,"column":42}},"12":{"start":{"line":14,"column":13},"end":{"line":14,"column":32}},"13":{"start":{"line":16,"column":30},"end":{"line":16,"column":38}},"14":{"start":{"line":20,"column":2},"end":{"line":46,"column":3}},"15":{"start":{"line":21,"column":4},"end":{"line":23,"column":7}},"16":{"start":{"line":25,"column":4},"end":{"line":28,"column":6}},"17":{"start":{"line":30,"column":4},"end":{"line":36,"column":7}},"18":{"start":{"line":38,"column":4},"end":{"line":38,"column":73}},"19":{"start":{"line":39,"column":4},"end":{"line":45,"column":7}},"20":{"start":{"line":48,"column":2},"end":{"line":48,"column":32}},"21":{"start":{"line":51,"column":0},"end":{"line":103,"column":3}},"22":{"start":{"line":52,"column":15},"end":{"line":52,"column":23}},"23":{"start":{"line":53,"column":2},"end":{"line":53,"column":42}},"24":{"start":{"line":54,"column":13},"end":{"line":54,"column":32}},"25":{"start":{"line":56,"column":30},"end":{"line":56,"column":38}},"26":{"start":{"line":60,"column":2},"end":{"line":100,"column":3}},"27":{"start":{"line":61,"column":4},"end":{"line":63,"column":7}},"28":{"start":{"line":65,"column":4},"end":{"line":68,"column":6}},"29":{"start":{"line":70,"column":4},"end":{"line":83,"column":6}},"30":{"start":{"line":85,"column":4},"end":{"line":85,"column":73}},"31":{"start":{"line":86,"column":4},"end":{"line":99,"column":6}},"32":{"start":{"line":102,"column":2},"end":{"line":102,"column":32}},"33":{"start":{"line":105,"column":0},"end":{"line":113,"column":3}},"34":{"start":{"line":106,"column":2},"end":{"line":110,"column":5}},"35":{"start":{"line":112,"column":2},"end":{"line":112,"column":47}},"36":{"start":{"line":115,"column":0},"end":{"line":115,"column":24}}},"fnMap":{"0":{"name":"(anonymous_0)","decl":{"start":{"line":11,"column":17},"end":{"line":11,"column":18}},"loc":{"start":{"line":11,"column":37},"end":{"line":49,"column":1}},"line":11},"1":{"name":"(anonymous_1)","decl":{"start":{"line":51,"column":36},"end":{"line":51,"column":37}},"loc":{"start":{"line":51,"column":56},"end":{"line":103,"column":1}},"line":51},"2":{"name":"(anonymous_2)","decl":{"start":{"line":105,"column":39},"end":{"line":105,"column":40}},"loc":{"start":{"line":105,"column":59},"end":{"line":113,"column":1}},"line":105}},"branchMap":{"0":{"loc":{"start":{"line":20,"column":2},"end":{"line":46,"column":3}},"type":"if","locations":[{"start":{"line":20,"column":2},"end":{"line":46,"column":3}},{"start":{"line":37,"column":9},"end":{"line":46,"column":3}}],"line":20},"1":{"loc":{"start":{"line":60,"column":2},"end":{"line":100,"column":3}},"type":"if","locations":[{"start":{"line":60,"column":2},"end":{"line":100,"column":3}},{"start":{"line":84,"column":9},"end":{"line":100,"column":3}}],"line":60}},"s":{"0":1,"1":1,"2":1,"3":1,"4":1,"5":1,"6":1,"7":1,"8":1,"9":1,"10":0,"11":0,"12":0,"13":0,"14":0,"15":0,"16":0,"17":0,"18":0,"19":0,"20":0,"21":1,"22":0,"23":0,"24":0,"25":0,"26":0,"27":0,"28":0,"29":0,"30":0,"31":0,"32":0,"33":1,"34":0,"35":0,"36":1},"f":{"0":0,"1":0,"2":0},"b":{"0":[0,0],"1":[0,0]},"_coverageSchema":"1a1c01bbd47fc00a2c39e90264f33305004495a9","hash":"8404f956bacbd5635bb5ee7212a7ca9da8a5b37f"}
,"C:\\Users\\Acer\\Desktop\\Veera\\routes\\departments.js": {"path":"C:\\Users\\Acer\\Desktop\\Veera\\routes\\departments.js","statementMap":{"0":{"start":{"line":1,"column":16},"end":{"line":1,"column":34}},"1":{"start":{"line":2,"column":15},"end":{"line":2,"column":31}},"2":{"start":{"line":3,"column":16},"end":{"line":3,"column":49}},"3":{"start":{"line":4,"column":13},"end":{"line":4,"column":43}},"4":{"start":{"line":5,"column":19},"end":{"line":5,"column":50}},"5":{"start":{"line":7,"column":0},"end":{"line":14,"column":3}},"6":{"start":{"line":8,"column":21},"end":{"line":11,"column":4}},"7":{"start":{"line":13,"column":2},"end":{"line":13,"column":35}},"8":{"start":{"line":16,"column":0},"end":{"line":22,"column":3}},"9":{"start":{"line":17,"column":21},"end":{"line":19,"column":4}},"10":{"start":{"line":21,"column":2},"end":{"line":21,"column":35}},"11":{"start":{"line":24,"column":0},"end":{"line":32,"column":3}},"12":{"start":{"line":25,"column":2},"end":{"line":29,"column":5}},"13":{"start":{"line":31,"column":2},"end":{"line":31,"column":47}},"14":{"start":{"line":34,"column":0},"end":{"line":34,"column":24}}},"fnMap":{"0":{"name":"(anonymous_0)","decl":{"start":{"line":7,"column":17},"end":{"line":7,"column":18}},"loc":{"start":{"line":7,"column":37},"end":{"line":14,"column":1}},"line":7},"1":{"name":"(anonymous_1)","decl":{"start":{"line":16,"column":36},"end":{"line":16,"column":37}},"loc":{"start":{"line":16,"column":56},"end":{"line":22,"column":1}},"line":16},"2":{"name":"(anonymous_2)","decl":{"start":{"line":24,"column":39},"end":{"line":24,"column":40}},"loc":{"start":{"line":24,"column":59},"end":{"line":32,"column":1}},"line":24}},"branchMap":{},"s":{"0":1,"1":1,"2":1,"3":1,"4":1,"5":1,"6":0,"7":0,"8":1,"9":0,"10":0,"11":1,"12":0,"13":0,"14":1},"f":{"0":0,"1":0,"2":0},"b":{},"_coverageSchema":"1a1c01bbd47fc00a2c39e90264f33305004495a9","hash":"6a16959ee67438942553d99940a63deca97c755c"}
,"C:\\Users\\Acer\\Desktop\\Veera\\routes\\employees.js": {"path":"C:\\Users\\Acer\\Desktop\\Veera\\routes\\employees.js","statementMap":{"0":{"start":{"line":1,"column":16},"end":{"line":1,"column":34}},"1":{"start":{"line":2,"column":15},"end":{"line":2,"column":31}},"2":{"start":{"line":3,"column":15},"end":{"line":3,"column":32}},"3":{"start":{"line":4,"column":13},"end":{"line":4,"column":43}},"4":{"start":{"line":5,"column":16},"end":{"line":5,"column":49}},"5":{"start":{"line":6,"column":23},"end":{"line":6,"column":59}},"6":{"start":{"line":8,"column":14},"end":{"line":8,"column":41}},"7":{"start":{"line":9,"column":22},"end":{"line":9,"column":76}},"8":{"start":{"line":10,"column":17},"end":{"line":10,"column":46}},"9":{"start":{"line":11,"column":18},"end":{"line":11,"column":48}},"10":{"start":{"line":12,"column":19},"end":{"line":12,"column":50}},"11":{"start":{"line":13,"column":15},"end":{"line":13,"column":42}},"12":{"start":{"line":14,"column":16},"end":{"line":14,"column":45}},"13":{"start":{"line":15,"column":16},"end":{"line":15,"column":44}},"14":{"start":{"line":16,"column":21},"end":{"line":16,"column":55}},"15":{"start":{"line":17,"column":20},"end":{"line":17,"column":55}},"16":{"start":{"line":18,"column":19},"end":{"line":18,"column":50}},"17":{"start":{"line":19,"column":16},"end":{"line":19,"column":34}},"18":{"start":{"line":20,"column":26},"end":{"line":20,"column":46}},"19":{"start":{"line":22,"column":0},"end":{"line":31,"column":3}},"20":{"start":{"line":23,"column":16},"end":{"line":27,"column":4}},"21":{"start":{"line":30,"column":2},"end":{"line":30,"column":30}},"22":{"start":{"line":33,"column":0},"end":{"line":171,"column":3}},"23":{"start":{"line":34,"column":29},"end":{"line":34,"column":31}},"24":{"start":{"line":37,"column":2},"end":{"line":50,"column":7}},"25":{"start":{"line":52,"column":2},"end":{"line":53,"column":45}},"26":{"start":{"line":53,"column":4},"end":{"line":53,"column":45}},"27":{"start":{"line":55,"column":2},"end":{"line":67,"column":5}},"28":{"start":{"line":69,"column":2},"end":{"line":82,"column":7}},"29":{"start":{"line":85,"column":2},"end":{"line":95,"column":5}},"30":{"start":{"line":97,"column":2},"end":{"line":107,"column":5}},"31":{"start":{"line":109,"column":2},"end":{"line":119,"column":5}},"32":{"start":{"line":120,"column":2},"end":{"line":138,"column":5}},"33":{"start":{"line":140,"column":2},"end":{"line":159,"column":5}},"34":{"start":{"line":161,"column":2},"end":{"line":161,"column":65}},"35":{"start":{"line":161,"column":22},"end":{"line":161,"column":65}},"36":{"start":{"line":163,"column":2},"end":{"line":165,"column":4}},"37":{"start":{"line":167,"column":2},"end":{"line":167,"column":67}},"38":{"start":{"line":168,"column":2},"end":{"line":168,"column":34}},"39":{"start":{"line":170,"column":2},"end":{"line":170,"column":43}},"40":{"start":{"line":173,"column":0},"end":{"line":187,"column":3}},"41":{"start":{"line":174,"column":13},"end":{"line":174,"column":35}},"42":{"start":{"line":175,"column":13},"end":{"line":175,"column":36}},"43":{"start":{"line":177,"column":16},"end":{"line":184,"column":4}},"44":{"start":{"line":186,"column":2},"end":{"line":186,"column":30}},"45":{"start":{"line":189,"column":0},"end":{"line":240,"column":3}},"46":{"start":{"line":190,"column":2},"end":{"line":190,"column":28}},"47":{"start":{"line":191,"column":13},"end":{"line":237,"column":4}},"48":{"start":{"line":239,"column":2},"end":{"line":239,"column":27}},"49":{"start":{"line":242,"column":0},"end":{"line":291,"column":3}},"50":{"start":{"line":243,"column":19},"end":{"line":289,"column":4}},"51":{"start":{"line":290,"column":2},"end":{"line":290,"column":33}},"52":{"start":{"line":293,"column":0},"end":{"line":343,"column":3}},"53":{"start":{"line":294,"column":19},"end":{"line":340,"column":4}},"54":{"start":{"line":342,"column":2},"end":{"line":342,"column":33}},"55":{"start":{"line":345,"column":0},"end":{"line":378,"column":3}},"56":{"start":{"line":346,"column":21},"end":{"line":350,"column":4}},"57":{"start":{"line":352,"column":2},"end":{"line":352,"column":73}},"58":{"start":{"line":352,"column":19},"end":{"line":352,"column":73}},"59":{"start":{"line":354,"column":15},"end":{"line":354,"column":39}},"60":{"start":{"line":355,"column":12},"end":{"line":355,"column":54}},"61":{"start":{"line":357,"column":19},"end":{"line":374,"column":4}},"62":{"start":{"line":376,"column":16},"end":{"line":376,"column":44}},"63":{"start":{"line":377,"column":2},"end":{"line":377,"column":61}},"64":{"start":{"line":380,"column":0},"end":{"line":417,"column":3}},"65":{"start":{"line":381,"column":21},"end":{"line":385,"column":4}},"66":{"start":{"line":387,"column":16},"end":{"line":387,"column":52}},"67":{"start":{"line":388,"column":2},"end":{"line":388,"column":61}},"68":{"start":{"line":388,"column":14},"end":{"line":388,"column":61}},"69":{"start":{"line":390,"column":2},"end":{"line":390,"column":70}},"70":{"start":{"line":390,"column":18},"end":{"line":390,"column":70}},"71":{"start":{"line":392,"column":23},"end":{"line":392,"column":39}},"72":{"start":{"line":393,"column":12},"end":{"line":393,"column":61}},"73":{"start":{"line":395,"column":2},"end":{"line":395,"column":62}},"74":{"start":{"line":395,"column":10},"end":{"line":395,"column":62}},"75":{"start":{"line":397,"column":15},"end":{"line":397,"column":39}},"76":{"start":{"line":398,"column":13},"end":{"line":398,"column":55}},"77":{"start":{"line":400,"column":28},"end":{"line":400,"column":36}},"78":{"start":{"line":401,"column":13},"end":{"line":401,"column":36}},"79":{"start":{"line":403,"column":15},"end":{"line":412,"column":3}},"80":{"start":{"line":414,"column":16},"end":{"line":414,"column":40}},"81":{"start":{"line":416,"column":2},"end":{"line":416,"column":59}},"82":{"start":{"line":418,"column":0},"end":{"line":467,"column":3}},"83":{"start":{"line":419,"column":21},"end":{"line":423,"column":4}},"84":{"start":{"line":425,"column":16},"end":{"line":425,"column":52}},"85":{"start":{"line":426,"column":2},"end":{"line":426,"column":61}},"86":{"start":{"line":426,"column":14},"end":{"line":426,"column":61}},"87":{"start":{"line":428,"column":2},"end":{"line":428,"column":70}},"88":{"start":{"line":428,"column":18},"end":{"line":428,"column":70}},"89":{"start":{"line":430,"column":23},"end":{"line":430,"column":39}},"90":{"start":{"line":431,"column":12},"end":{"line":431,"column":61}},"91":{"start":{"line":433,"column":2},"end":{"line":433,"column":62}},"92":{"start":{"line":433,"column":10},"end":{"line":433,"column":62}},"93":{"start":{"line":435,"column":15},"end":{"line":435,"column":39}},"94":{"start":{"line":436,"column":13},"end":{"line":436,"column":55}},"95":{"start":{"line":438,"column":15},"end":{"line":462,"column":3}},"96":{"start":{"line":464,"column":16},"end":{"line":464,"column":40}},"97":{"start":{"line":466,"column":2},"end":{"line":466,"column":59}},"98":{"start":{"line":469,"column":0},"end":{"line":477,"column":3}},"99":{"start":{"line":470,"column":19},"end":{"line":474,"column":4}},"100":{"start":{"line":476,"column":2},"end":{"line":476,"column":46}},"101":{"start":{"line":479,"column":0},"end":{"line":479,"column":24}}},"fnMap":{"0":{"name":"(anonymous_0)","decl":{"start":{"line":22,"column":47},"end":{"line":22,"column":48}},"loc":{"start":{"line":22,"column":67},"end":{"line":31,"column":1}},"line":22},"1":{"name":"(anonymous_1)","decl":{"start":{"line":33,"column":43},"end":{"line":33,"column":44}},"loc":{"start":{"line":33,"column":63},"end":{"line":171,"column":1}},"line":33},"2":{"name":"(anonymous_2)","decl":{"start":{"line":173,"column":33},"end":{"line":173,"column":34}},"loc":{"start":{"line":173,"column":53},"end":{"line":187,"column":1}},"line":173},"3":{"name":"(anonymous_3)","decl":{"start":{"line":189,"column":35},"end":{"line":189,"column":36}},"loc":{"start":{"line":189,"column":55},"end":{"line":240,"column":1}},"line":189},"4":{"name":"(anonymous_4)","decl":{"start":{"line":242,"column":36},"end":{"line":242,"column":37}},"loc":{"start":{"line":242,"column":56},"end":{"line":291,"column":1}},"line":242},"5":{"name":"(anonymous_5)","decl":{"start":{"line":293,"column":33},"end":{"line":293,"column":34}},"loc":{"start":{"line":293,"column":53},"end":{"line":343,"column":1}},"line":293},"6":{"name":"(anonymous_6)","decl":{"start":{"line":345,"column":17},"end":{"line":345,"column":18}},"loc":{"start":{"line":345,"column":37},"end":{"line":378,"column":1}},"line":345},"7":{"name":"(anonymous_7)","decl":{"start":{"line":380,"column":52},"end":{"line":380,"column":53}},"loc":{"start":{"line":380,"column":72},"end":{"line":417,"column":1}},"line":380},"8":{"name":"(anonymous_8)","decl":{"start":{"line":418,"column":42},"end":{"line":418,"column":43}},"loc":{"start":{"line":418,"column":62},"end":{"line":467,"column":1}},"line":418},"9":{"name":"(anonymous_9)","decl":{"start":{"line":469,"column":28},"end":{"line":469,"column":29}},"loc":{"start":{"line":469,"column":48},"end":{"line":477,"column":1}},"line":469}},"branchMap":{"0":{"loc":{"start":{"line":52,"column":2},"end":{"line":53,"column":45}},"type":"if","locations":[{"start":{"line":52,"column":2},"end":{"line":53,"column":45}},{"start":{},"end":{}}],"line":52},"1":{"loc":{"start":{"line":161,"column":2},"end":{"line":161,"column":65}},"type":"if","locations":[{"start":{"line":161,"column":2},"end":{"line":161,"column":65}},{"start":{},"end":{}}],"line":161},"2":{"loc":{"start":{"line":352,"column":2},"end":{"line":352,"column":73}},"type":"if","locations":[{"start":{"line":352,"column":2},"end":{"line":352,"column":73}},{"start":{},"end":{}}],"line":352},"3":{"loc":{"start":{"line":388,"column":2},"end":{"line":388,"column":61}},"type":"if","locations":[{"start":{"line":388,"column":2},"end":{"line":388,"column":61}},{"start":{},"end":{}}],"line":388},"4":{"loc":{"start":{"line":390,"column":2},"end":{"line":390,"column":70}},"type":"if","locations":[{"start":{"line":390,"column":2},"end":{"line":390,"column":70}},{"start":{},"end":{}}],"line":390},"5":{"loc":{"start":{"line":395,"column":2},"end":{"line":395,"column":62}},"type":"if","locations":[{"start":{"line":395,"column":2},"end":{"line":395,"column":62}},{"start":{},"end":{}}],"line":395},"6":{"loc":{"start":{"line":426,"column":2},"end":{"line":426,"column":61}},"type":"if","locations":[{"start":{"line":426,"column":2},"end":{"line":426,"column":61}},{"start":{},"end":{}}],"line":426},"7":{"loc":{"start":{"line":428,"column":2},"end":{"line":428,"column":70}},"type":"if","locations":[{"start":{"line":428,"column":2},"end":{"line":428,"column":70}},{"start":{},"end":{}}],"line":428},"8":{"loc":{"start":{"line":433,"column":2},"end":{"line":433,"column":62}},"type":"if","locations":[{"start":{"line":433,"column":2},"end":{"line":433,"column":62}},{"start":{},"end":{}}],"line":433}},"s":{"0":1,"1":1,"2":1,"3":1,"4":1,"5":1,"6":1,"7":1,"8":1,"9":1,"10":1,"11":1,"12":1,"13":1,"14":1,"15":1,"16":1,"17":1,"18":1,"19":1,"20":0,"21":0,"22":1,"23":0,"24":0,"25":0,"26":0,"27":0,"28":0,"29":0,"30":0,"31":0,"32":0,"33":0,"34":0,"35":0,"36":0,"37":0,"38":0,"39":0,"40":1,"41":0,"42":0,"43":0,"44":0,"45":1,"46":0,"47":0,"48":0,"49":1,"50":0,"51":0,"52":1,"53":0,"54":0,"55":1,"56":2,"57":2,"58":1,"59":1,"60":1,"61":1,"62":1,"63":1,"64":1,"65":0,"66":0,"67":0,"68":0,"69":0,"70":0,"71":0,"72":0,"73":0,"74":0,"75":0,"76":0,"77":0,"78":0,"79":0,"80":0,"81":0,"82":1,"83":0,"84":0,"85":0,"86":0,"87":0,"88":0,"89":0,"90":0,"91":0,"92":0,"93":0,"94":0,"95":0,"96":0,"97":0,"98":1,"99":0,"100":0,"101":1},"f":{"0":0,"1":0,"2":0,"3":0,"4":0,"5":0,"6":2,"7":0,"8":0,"9":0},"b":{"0":[0,0],"1":[0,0],"2":[1,1],"3":[0,0],"4":[0,0],"5":[0,0],"6":[0,0],"7":[0,0],"8":[0,0]},"_coverageSchema":"1a1c01bbd47fc00a2c39e90264f33305004495a9","hash":"809c37e5022a833ed80b45726859f06c946a9c79"}
,"C:\\Users\\Acer\\Desktop\\Veera\\routes\\experiences.js": {"path":"C:\\Users\\Acer\\Desktop\\Veera\\routes\\experiences.js","statementMap":{"0":{"start":{"line":1,"column":16},"end":{"line":1,"column":34}},"1":{"start":{"line":2,"column":15},"end":{"line":2,"column":31}},"2":{"start":{"line":3,"column":13},"end":{"line":3,"column":43}},"3":{"start":{"line":4,"column":16},"end":{"line":4,"column":49}},"4":{"start":{"line":5,"column":17},"end":{"line":5,"column":46}},"5":{"start":{"line":6,"column":19},"end":{"line":6,"column":50}},"6":{"start":{"line":7,"column":15},"end":{"line":7,"column":32}},"7":{"start":{"line":9,"column":0},"end":{"line":23,"column":3}},"8":{"start":{"line":10,"column":21},"end":{"line":10,"column":77}},"9":{"start":{"line":11,"column":12},"end":{"line":11,"column":32}},"10":{"start":{"line":12,"column":19},"end":{"line":12,"column":73}},"11":{"start":{"line":13,"column":12},"end":{"line":13,"column":30}},"12":{"start":{"line":14,"column":2},"end":{"line":14,"column":20}},"13":{"start":{"line":15,"column":21},"end":{"line":20,"column":4}},"14":{"start":{"line":22,"column":2},"end":{"line":22,"column":35}},"15":{"start":{"line":25,"column":0},"end":{"line":39,"column":3}},"16":{"start":{"line":26,"column":21},"end":{"line":26,"column":77}},"17":{"start":{"line":27,"column":12},"end":{"line":27,"column":32}},"18":{"start":{"line":28,"column":19},"end":{"line":28,"column":73}},"19":{"start":{"line":29,"column":12},"end":{"line":29,"column":30}},"20":{"start":{"line":31,"column":21},"end":{"line":36,"column":4}},"21":{"start":{"line":38,"column":2},"end":{"line":38,"column":35}},"22":{"start":{"line":41,"column":0},"end":{"line":51,"column":3}},"23":{"start":{"line":42,"column":21},"end":{"line":46,"column":4}},"24":{"start":{"line":48,"column":2},"end":{"line":50,"column":68}},"25":{"start":{"line":53,"column":0},"end":{"line":53,"column":24}}},"fnMap":{"0":{"name":"(anonymous_0)","decl":{"start":{"line":9,"column":34},"end":{"line":9,"column":35}},"loc":{"start":{"line":9,"column":54},"end":{"line":23,"column":1}},"line":9},"1":{"name":"(anonymous_1)","decl":{"start":{"line":25,"column":36},"end":{"line":25,"column":37}},"loc":{"start":{"line":25,"column":56},"end":{"line":39,"column":1}},"line":25},"2":{"name":"(anonymous_2)","decl":{"start":{"line":41,"column":39},"end":{"line":41,"column":40}},"loc":{"start":{"line":41,"column":59},"end":{"line":51,"column":1}},"line":41}},"branchMap":{},"s":{"0":1,"1":1,"2":1,"3":1,"4":1,"5":1,"6":1,"7":1,"8":0,"9":0,"10":0,"11":0,"12":0,"13":0,"14":0,"15":1,"16":0,"17":0,"18":0,"19":0,"20":0,"21":0,"22":1,"23":0,"24":0,"25":1},"f":{"0":0,"1":0,"2":0},"b":{},"_coverageSchema":"1a1c01bbd47fc00a2c39e90264f33305004495a9","hash":"bad3a1951c86319b16173ba97332c510eb0edd41"}
,"C:\\Users\\Acer\\Desktop\\Veera\\routes\\leaves.js": {"path":"C:\\Users\\Acer\\Desktop\\Veera\\routes\\leaves.js","statementMap":{"0":{"start":{"line":1,"column":16},"end":{"line":1,"column":34}},"1":{"start":{"line":2,"column":15},"end":{"line":2,"column":31}},"2":{"start":{"line":3,"column":13},"end":{"line":3,"column":43}},"3":{"start":{"line":4,"column":17},"end":{"line":4,"column":46}},"4":{"start":{"line":5,"column":16},"end":{"line":5,"column":49}},"5":{"start":{"line":6,"column":18},"end":{"line":6,"column":38}},"6":{"start":{"line":8,"column":0},"end":{"line":18,"column":3}},"7":{"start":{"line":9,"column":19},"end":{"line":15,"column":3}},"8":{"start":{"line":17,"column":2},"end":{"line":17,"column":33}},"9":{"start":{"line":20,"column":0},"end":{"line":29,"column":3}},"10":{"start":{"line":21,"column":19},"end":{"line":26,"column":3}},"11":{"start":{"line":28,"column":2},"end":{"line":28,"column":33}},"12":{"start":{"line":31,"column":0},"end":{"line":31,"column":24}}},"fnMap":{"0":{"name":"(anonymous_0)","decl":{"start":{"line":8,"column":40},"end":{"line":8,"column":41}},"loc":{"start":{"line":8,"column":60},"end":{"line":18,"column":1}},"line":8},"1":{"name":"(anonymous_1)","decl":{"start":{"line":20,"column":40},"end":{"line":20,"column":41}},"loc":{"start":{"line":20,"column":60},"end":{"line":29,"column":1}},"line":20}},"branchMap":{},"s":{"0":1,"1":1,"2":1,"3":1,"4":1,"5":1,"6":1,"7":0,"8":0,"9":1,"10":0,"11":0,"12":1},"f":{"0":0,"1":0},"b":{},"_coverageSchema":"1a1c01bbd47fc00a2c39e90264f33305004495a9","hash":"047d6386adbe65bbba68f019154b39dc4cc7d64a"}
,"C:\\Users\\Acer\\Desktop\\Veera\\routes\\login.js": {"path":"C:\\Users\\Acer\\Desktop\\Veera\\routes\\login.js","statementMap":{"0":{"start":{"line":1,"column":16},"end":{"line":1,"column":34}},"1":{"start":{"line":2,"column":15},"end":{"line":2,"column":31}},"2":{"start":{"line":3,"column":12},"end":{"line":3,"column":35}},"3":{"start":{"line":4,"column":15},"end":{"line":4,"column":32}},"4":{"start":{"line":6,"column":0},"end":{"line":26,"column":3}},"5":{"start":{"line":7,"column":15},"end":{"line":11,"column":4}},"6":{"start":{"line":13,"column":2},"end":{"line":13,"column":58}},"7":{"start":{"line":13,"column":13},"end":{"line":13,"column":58}},"8":{"start":{"line":15,"column":23},"end":{"line":15,"column":27}},"9":{"start":{"line":16,"column":12},"end":{"line":16,"column":61}},"10":{"start":{"line":18,"column":2},"end":{"line":18,"column":62}},"11":{"start":{"line":18,"column":10},"end":{"line":18,"column":62}},"12":{"start":{"line":20,"column":16},"end":{"line":23,"column":3}},"13":{"start":{"line":25,"column":2},"end":{"line":25,"column":59}},"14":{"start":{"line":28,"column":0},"end":{"line":28,"column":24}}},"fnMap":{"0":{"name":"(anonymous_0)","decl":{"start":{"line":6,"column":22},"end":{"line":6,"column":23}},"loc":{"start":{"line":6,"column":42},"end":{"line":26,"column":1}},"line":6}},"branchMap":{"0":{"loc":{"start":{"line":13,"column":2},"end":{"line":13,"column":58}},"type":"if","locations":[{"start":{"line":13,"column":2},"end":{"line":13,"column":58}},{"start":{},"end":{}}],"line":13},"1":{"loc":{"start":{"line":18,"column":2},"end":{"line":18,"column":62}},"type":"if","locations":[{"start":{"line":18,"column":2},"end":{"line":18,"column":62}},{"start":{},"end":{}}],"line":18}},"s":{"0":1,"1":1,"2":1,"3":1,"4":1,"5":0,"6":0,"7":0,"8":0,"9":0,"10":0,"11":0,"12":0,"13":0,"14":1},"f":{"0":0},"b":{"0":[0,0],"1":[0,0]},"_coverageSchema":"1a1c01bbd47fc00a2c39e90264f33305004495a9","hash":"2098ec3d7785948e872ffb09b71c3248034a6e5b"}
,"C:\\Users\\Acer\\Desktop\\Veera\\routes\\mail.js": {"path":"C:\\Users\\Acer\\Desktop\\Veera\\routes\\mail.js","statementMap":{"0":{"start":{"line":1,"column":17},"end":{"line":1,"column":46}},"1":{"start":{"line":2,"column":15},"end":{"line":2,"column":32}},"2":{"start":{"line":3,"column":18},"end":{"line":3,"column":39}},"3":{"start":{"line":4,"column":15},"end":{"line":4,"column":42}},"4":{"start":{"line":6,"column":0},"end":{"line":48,"column":3}},"5":{"start":{"line":7,"column":12},"end":{"line":7,"column":60}},"6":{"start":{"line":9,"column":20},"end":{"line":12,"column":4}},"7":{"start":{"line":15,"column":17},"end":{"line":32,"column":3}},"8":{"start":{"line":34,"column":2},"end":{"line":45,"column":7}},"9":{"start":{"line":41,"column":6},"end":{"line":41,"column":24}},"10":{"start":{"line":44,"column":6},"end":{"line":44,"column":22}},"11":{"start":{"line":47,"column":2},"end":{"line":47,"column":52}},"12":{"start":{"line":50,"column":0},"end":{"line":50,"column":24}}},"fnMap":{"0":{"name":"(anonymous_0)","decl":{"start":{"line":6,"column":28},"end":{"line":6,"column":29}},"loc":{"start":{"line":6,"column":54},"end":{"line":48,"column":1}},"line":6},"1":{"name":"(anonymous_1)","decl":{"start":{"line":40,"column":10},"end":{"line":40,"column":11}},"loc":{"start":{"line":40,"column":20},"end":{"line":42,"column":5}},"line":40},"2":{"name":"(anonymous_2)","decl":{"start":{"line":43,"column":11},"end":{"line":43,"column":12}},"loc":{"start":{"line":43,"column":19},"end":{"line":45,"column":5}},"line":43}},"branchMap":{},"s":{"0":1,"1":1,"2":1,"3":1,"4":1,"5":0,"6":0,"7":0,"8":0,"9":0,"10":0,"11":0,"12":1},"f":{"0":0,"1":0,"2":0},"b":{},"_coverageSchema":"1a1c01bbd47fc00a2c39e90264f33305004495a9","hash":"71883e53b862b76da18c1991425944c0e7732a36"}
,"C:\\Users\\Acer\\Desktop\\Veera\\routes\\meetings.js": {"path":"C:\\Users\\Acer\\Desktop\\Veera\\routes\\meetings.js","statementMap":{"0":{"start":{"line":1,"column":16},"end":{"line":1,"column":34}},"1":{"start":{"line":2,"column":15},"end":{"line":2,"column":31}},"2":{"start":{"line":3,"column":13},"end":{"line":3,"column":43}},"3":{"start":{"line":4,"column":16},"end":{"line":4,"column":49}},"4":{"start":{"line":5,"column":11},"end":{"line":5,"column":35}},"5":{"start":{"line":6,"column":17},"end":{"line":6,"column":46}},"6":{"start":{"line":7,"column":18},"end":{"line":7,"column":38}},"7":{"start":{"line":8,"column":22},"end":{"line":8,"column":76}},"8":{"start":{"line":9,"column":16},"end":{"line":9,"column":44}},"9":{"start":{"line":10,"column":16},"end":{"line":10,"column":34}},"10":{"start":{"line":11,"column":15},"end":{"line":11,"column":32}},"11":{"start":{"line":13,"column":0},"end":{"line":72,"column":3}},"12":{"start":{"line":16,"column":2},"end":{"line":71,"column":3}},"13":{"start":{"line":17,"column":40},"end":{"line":17,"column":48}},"14":{"start":{"line":18,"column":4},"end":{"line":20,"column":7}},"15":{"start":{"line":22,"column":21},"end":{"line":22,"column":74}},"16":{"start":{"line":23,"column":4},"end":{"line":26,"column":5}},"17":{"start":{"line":24,"column":6},"end":{"line":24,"column":35}},"18":{"start":{"line":25,"column":6},"end":{"line":25,"column":52}},"19":{"start":{"line":28,"column":4},"end":{"line":42,"column":5}},"20":{"start":{"line":29,"column":6},"end":{"line":39,"column":8}},"21":{"start":{"line":41,"column":6},"end":{"line":41,"column":51}},"22":{"start":{"line":43,"column":4},"end":{"line":43,"column":64}},"23":{"start":{"line":44,"column":4},"end":{"line":50,"column":6}},"24":{"start":{"line":52,"column":4},"end":{"line":61,"column":6}},"25":{"start":{"line":63,"column":4},"end":{"line":63,"column":31}},"26":{"start":{"line":64,"column":4},"end":{"line":64,"column":34}},"27":{"start":{"line":66,"column":4},"end":{"line":68,"column":5}},"28":{"start":{"line":67,"column":6},"end":{"line":67,"column":35}},"29":{"start":{"line":69,"column":4},"end":{"line":69,"column":51}},"30":{"start":{"line":70,"column":4},"end":{"line":70,"column":46}},"31":{"start":{"line":74,"column":0},"end":{"line":114,"column":3}},"32":{"start":{"line":76,"column":2},"end":{"line":113,"column":3}},"33":{"start":{"line":77,"column":4},"end":{"line":79,"column":7}},"34":{"start":{"line":80,"column":21},"end":{"line":82,"column":6}},"35":{"start":{"line":83,"column":4},"end":{"line":86,"column":5}},"36":{"start":{"line":84,"column":6},"end":{"line":84,"column":35}},"37":{"start":{"line":85,"column":6},"end":{"line":85,"column":52}},"38":{"start":{"line":88,"column":20},"end":{"line":104,"column":5}},"39":{"start":{"line":105,"column":4},"end":{"line":105,"column":31}},"40":{"start":{"line":106,"column":4},"end":{"line":106,"column":34}},"41":{"start":{"line":108,"column":4},"end":{"line":110,"column":5}},"42":{"start":{"line":109,"column":6},"end":{"line":109,"column":35}},"43":{"start":{"line":111,"column":4},"end":{"line":111,"column":22}},"44":{"start":{"line":112,"column":4},"end":{"line":112,"column":46}},"45":{"start":{"line":116,"column":0},"end":{"line":213,"column":3}},"46":{"start":{"line":118,"column":2},"end":{"line":212,"column":3}},"47":{"start":{"line":119,"column":28},"end":{"line":119,"column":36}},"48":{"start":{"line":121,"column":4},"end":{"line":123,"column":7}},"49":{"start":{"line":125,"column":21},"end":{"line":125,"column":57}},"50":{"start":{"line":127,"column":4},"end":{"line":130,"column":5}},"51":{"start":{"line":128,"column":6},"end":{"line":128,"column":35}},"52":{"start":{"line":129,"column":6},"end":{"line":129,"column":52}},"53":{"start":{"line":132,"column":27},"end":{"line":137,"column":6}},"54":{"start":{"line":139,"column":20},"end":{"line":139,"column":69}},"55":{"start":{"line":142,"column":18},"end":{"line":142,"column":38}},"56":{"start":{"line":143,"column":16},"end":{"line":143,"column":34}},"57":{"start":{"line":144,"column":24},"end":{"line":144,"column":50}},"58":{"start":{"line":147,"column":19},"end":{"line":147,"column":46}},"59":{"start":{"line":148,"column":17},"end":{"line":148,"column":42}},"60":{"start":{"line":149,"column":30},"end":{"line":149,"column":58}},"61":{"start":{"line":151,"column":4},"end":{"line":151,"column":53}},"62":{"start":{"line":154,"column":27},"end":{"line":154,"column":48}},"63":{"start":{"line":155,"column":25},"end":{"line":155,"column":44}},"64":{"start":{"line":156,"column":25},"end":{"line":156,"column":69}},"65":{"start":{"line":158,"column":38},"end":{"line":158,"column":72}},"66":{"start":{"line":159,"column":44},"end":{"line":159,"column":83}},"67":{"start":{"line":163,"column":17},"end":{"line":163,"column":60}},"68":{"start":{"line":164,"column":18},"end":{"line":164,"column":67}},"69":{"start":{"line":166,"column":4},"end":{"line":166,"column":48}},"70":{"start":{"line":172,"column":3},"end":{"line":176,"column":5}},"71":{"start":{"line":173,"column":6},"end":{"line":175,"column":7}},"72":{"start":{"line":174,"column":8},"end":{"line":174,"column":83}},"73":{"start":{"line":177,"column":0},"end":{"line":177,"column":25}},"74":{"start":{"line":178,"column":16},"end":{"line":190,"column":5}},"75":{"start":{"line":192,"column":4},"end":{"line":202,"column":6}},"76":{"start":{"line":203,"column":4},"end":{"line":203,"column":37}},"77":{"start":{"line":204,"column":4},"end":{"line":204,"column":31}},"78":{"start":{"line":205,"column":4},"end":{"line":205,"column":34}},"79":{"start":{"line":207,"column":4},"end":{"line":209,"column":5}},"80":{"start":{"line":208,"column":6},"end":{"line":208,"column":35}},"81":{"start":{"line":210,"column":4},"end":{"line":210,"column":22}},"82":{"start":{"line":211,"column":4},"end":{"line":211,"column":46}},"83":{"start":{"line":216,"column":0},"end":{"line":240,"column":3}},"84":{"start":{"line":217,"column":2},"end":{"line":239,"column":3}},"85":{"start":{"line":219,"column":4},"end":{"line":221,"column":7}},"86":{"start":{"line":223,"column":4},"end":{"line":232,"column":6}},"87":{"start":{"line":233,"column":4},"end":{"line":233,"column":31}},"88":{"start":{"line":234,"column":4},"end":{"line":234,"column":49}},"89":{"start":{"line":236,"column":4},"end":{"line":236,"column":50}},"90":{"start":{"line":236,"column":21},"end":{"line":236,"column":50}},"91":{"start":{"line":237,"column":4},"end":{"line":237,"column":22}},"92":{"start":{"line":238,"column":4},"end":{"line":238,"column":45}},"93":{"start":{"line":242,"column":0},"end":{"line":242,"column":24}}},"fnMap":{"0":{"name":"(anonymous_0)","decl":{"start":{"line":13,"column":34},"end":{"line":13,"column":35}},"loc":{"start":{"line":13,"column":54},"end":{"line":72,"column":1}},"line":13},"1":{"name":"(anonymous_1)","decl":{"start":{"line":74,"column":36},"end":{"line":74,"column":37}},"loc":{"start":{"line":74,"column":56},"end":{"line":114,"column":1}},"line":74},"2":{"name":"(anonymous_2)","decl":{"start":{"line":116,"column":33},"end":{"line":116,"column":34}},"loc":{"start":{"line":116,"column":53},"end":{"line":213,"column":1}},"line":116},"3":{"name":"(anonymous_3)","decl":{"start":{"line":216,"column":39},"end":{"line":216,"column":40}},"loc":{"start":{"line":216,"column":59},"end":{"line":240,"column":1}},"line":216}},"branchMap":{"0":{"loc":{"start":{"line":23,"column":4},"end":{"line":26,"column":5}},"type":"if","locations":[{"start":{"line":23,"column":4},"end":{"line":26,"column":5}},{"start":{},"end":{}}],"line":23},"1":{"loc":{"start":{"line":28,"column":4},"end":{"line":42,"column":5}},"type":"if","locations":[{"start":{"line":28,"column":4},"end":{"line":42,"column":5}},{"start":{"line":40,"column":11},"end":{"line":42,"column":5}}],"line":28},"2":{"loc":{"start":{"line":66,"column":4},"end":{"line":68,"column":5}},"type":"if","locations":[{"start":{"line":66,"column":4},"end":{"line":68,"column":5}},{"start":{},"end":{}}],"line":66},"3":{"loc":{"start":{"line":83,"column":4},"end":{"line":86,"column":5}},"type":"if","locations":[{"start":{"line":83,"column":4},"end":{"line":86,"column":5}},{"start":{},"end":{}}],"line":83},"4":{"loc":{"start":{"line":108,"column":4},"end":{"line":110,"column":5}},"type":"if","locations":[{"start":{"line":108,"column":4},"end":{"line":110,"column":5}},{"start":{},"end":{}}],"line":108},"5":{"loc":{"start":{"line":127,"column":4},"end":{"line":130,"column":5}},"type":"if","locations":[{"start":{"line":127,"column":4},"end":{"line":130,"column":5}},{"start":{},"end":{}}],"line":127},"6":{"loc":{"start":{"line":172,"column":3},"end":{"line":176,"column":5}},"type":"if","locations":[{"start":{"line":172,"column":3},"end":{"line":176,"column":5}},{"start":{},"end":{}}],"line":172},"7":{"loc":{"start":{"line":173,"column":6},"end":{"line":175,"column":7}},"type":"if","locations":[{"start":{"line":173,"column":6},"end":{"line":175,"column":7}},{"start":{},"end":{}}],"line":173},"8":{"loc":{"start":{"line":173,"column":10},"end":{"line":173,"column":34}},"type":"binary-expr","locations":[{"start":{"line":173,"column":10},"end":{"line":173,"column":21}},{"start":{"line":173,"column":25},"end":{"line":173,"column":34}}],"line":173},"9":{"loc":{"start":{"line":207,"column":4},"end":{"line":209,"column":5}},"type":"if","locations":[{"start":{"line":207,"column":4},"end":{"line":209,"column":5}},{"start":{},"end":{}}],"line":207},"10":{"loc":{"start":{"line":236,"column":4},"end":{"line":236,"column":50}},"type":"if","locations":[{"start":{"line":236,"column":4},"end":{"line":236,"column":50}},{"start":{},"end":{}}],"line":236}},"s":{"0":1,"1":1,"2":1,"3":1,"4":1,"5":1,"6":1,"7":1,"8":1,"9":1,"10":1,"11":1,"12":0,"13":0,"14":0,"15":0,"16":0,"17":0,"18":0,"19":0,"20":0,"21":0,"22":0,"23":0,"24":0,"25":0,"26":0,"27":0,"28":0,"29":0,"30":0,"31":1,"32":0,"33":0,"34":0,"35":0,"36":0,"37":0,"38":0,"39":0,"40":0,"41":0,"42":0,"43":0,"44":0,"45":1,"46":0,"47":0,"48":0,"49":0,"50":0,"51":0,"52":0,"53":0,"54":0,"55":0,"56":0,"57":0,"58":0,"59":0,"60":0,"61":0,"62":0,"63":0,"64":0,"65":0,"66":0,"67":0,"68":0,"69":0,"70":0,"71":0,"72":0,"73":0,"74":0,"75":0,"76":0,"77":0,"78":0,"79":0,"80":0,"81":0,"82":0,"83":1,"84":0,"85":0,"86":0,"87":0,"88":0,"89":0,"90":0,"91":0,"92":0,"93":1},"f":{"0":0,"1":0,"2":0,"3":0},"b":{"0":[0,0],"1":[0,0],"2":[0,0],"3":[0,0],"4":[0,0],"5":[0,0],"6":[0,0],"7":[0,0],"8":[0,0],"9":[0,0],"10":[0,0]},"_coverageSchema":"1a1c01bbd47fc00a2c39e90264f33305004495a9","hash":"26a4581afacc17d3b7e7092f93a0a80ce45fae99"}
,"C:\\Users\\Acer\\Desktop\\Veera\\routes\\messages.js": {"path":"C:\\Users\\Acer\\Desktop\\Veera\\routes\\messages.js","statementMap":{"0":{"start":{"line":1,"column":16},"end":{"line":1,"column":34}},"1":{"start":{"line":2,"column":15},"end":{"line":2,"column":31}},"2":{"start":{"line":3,"column":12},"end":{"line":3,"column":21}},"3":{"start":{"line":4,"column":13},"end":{"line":4,"column":43}},"4":{"start":{"line":5,"column":16},"end":{"line":5,"column":44}},"5":{"start":{"line":6,"column":16},"end":{"line":6,"column":49}},"6":{"start":{"line":8,"column":0},"end":{"line":15,"column":3}},"7":{"start":{"line":9,"column":18},"end":{"line":12,"column":4}},"8":{"start":{"line":14,"column":2},"end":{"line":14,"column":32}},"9":{"start":{"line":17,"column":0},"end":{"line":41,"column":3}},"10":{"start":{"line":18,"column":2},"end":{"line":27,"column":7}},"11":{"start":{"line":29,"column":19},"end":{"line":33,"column":6}},"12":{"start":{"line":36,"column":0},"end":{"line":38,"column":5}},"13":{"start":{"line":37,"column":4},"end":{"line":37,"column":37}},"14":{"start":{"line":40,"column":2},"end":{"line":40,"column":32}},"15":{"start":{"line":43,"column":0},"end":{"line":51,"column":3}},"16":{"start":{"line":44,"column":18},"end":{"line":48,"column":4}},"17":{"start":{"line":50,"column":2},"end":{"line":50,"column":32}},"18":{"start":{"line":54,"column":0},"end":{"line":54,"column":24}}},"fnMap":{"0":{"name":"(anonymous_0)","decl":{"start":{"line":8,"column":34},"end":{"line":8,"column":35}},"loc":{"start":{"line":8,"column":54},"end":{"line":15,"column":1}},"line":8},"1":{"name":"(anonymous_1)","decl":{"start":{"line":17,"column":36},"end":{"line":17,"column":37}},"loc":{"start":{"line":17,"column":56},"end":{"line":41,"column":1}},"line":17},"2":{"name":"(anonymous_2)","decl":{"start":{"line":36,"column":49},"end":{"line":36,"column":50}},"loc":{"start":{"line":36,"column":62},"end":{"line":38,"column":3}},"line":36},"3":{"name":"(anonymous_3)","decl":{"start":{"line":43,"column":36},"end":{"line":43,"column":37}},"loc":{"start":{"line":43,"column":56},"end":{"line":51,"column":1}},"line":43}},"branchMap":{},"s":{"0":1,"1":1,"2":1,"3":1,"4":1,"5":1,"6":1,"7":0,"8":0,"9":1,"10":0,"11":0,"12":0,"13":0,"14":0,"15":1,"16":0,"17":0,"18":1},"f":{"0":0,"1":0,"2":0,"3":0},"b":{},"_coverageSchema":"1a1c01bbd47fc00a2c39e90264f33305004495a9","hash":"aef18f5fd292e1ebbc27518e2913da7c43c4dce0"}
,"C:\\Users\\Acer\\Desktop\\Veera\\routes\\notifications.js": {"path":"C:\\Users\\Acer\\Desktop\\Veera\\routes\\notifications.js","statementMap":{"0":{"start":{"line":1,"column":16},"end":{"line":1,"column":34}},"1":{"start":{"line":2,"column":15},"end":{"line":2,"column":31}},"2":{"start":{"line":3,"column":13},"end":{"line":3,"column":43}},"3":{"start":{"line":4,"column":16},"end":{"line":4,"column":49}},"4":{"start":{"line":5,"column":21},"end":{"line":5,"column":55}},"5":{"start":{"line":7,"column":0},"end":{"line":14,"column":3}},"6":{"start":{"line":8,"column":23},"end":{"line":11,"column":4}},"7":{"start":{"line":13,"column":2},"end":{"line":13,"column":37}},"8":{"start":{"line":16,"column":0},"end":{"line":30,"column":3}},"9":{"start":{"line":17,"column":23},"end":{"line":27,"column":3}},"10":{"start":{"line":29,"column":2},"end":{"line":29,"column":37}},"11":{"start":{"line":32,"column":0},"end":{"line":40,"column":3}},"12":{"start":{"line":33,"column":23},"end":{"line":37,"column":4}},"13":{"start":{"line":39,"column":2},"end":{"line":39,"column":50}},"14":{"start":{"line":42,"column":0},"end":{"line":42,"column":24}}},"fnMap":{"0":{"name":"(anonymous_0)","decl":{"start":{"line":7,"column":17},"end":{"line":7,"column":18}},"loc":{"start":{"line":7,"column":37},"end":{"line":14,"column":1}},"line":7},"1":{"name":"(anonymous_1)","decl":{"start":{"line":16,"column":36},"end":{"line":16,"column":37}},"loc":{"start":{"line":16,"column":56},"end":{"line":30,"column":1}},"line":16},"2":{"name":"(anonymous_2)","decl":{"start":{"line":32,"column":39},"end":{"line":32,"column":40}},"loc":{"start":{"line":32,"column":59},"end":{"line":40,"column":1}},"line":32}},"branchMap":{},"s":{"0":1,"1":1,"2":1,"3":1,"4":1,"5":1,"6":0,"7":0,"8":1,"9":0,"10":0,"11":1,"12":0,"13":0,"14":1},"f":{"0":0,"1":0,"2":0},"b":{},"_coverageSchema":"1a1c01bbd47fc00a2c39e90264f33305004495a9","hash":"85ee586fb2efe109f6ad3ab4cba1660dc434697a"}
,"C:\\Users\\Acer\\Desktop\\Veera\\routes\\over_time.js": {"path":"C:\\Users\\Acer\\Desktop\\Veera\\routes\\over_time.js","statementMap":{"0":{"start":{"line":1,"column":16},"end":{"line":1,"column":34}},"1":{"start":{"line":2,"column":15},"end":{"line":2,"column":31}},"2":{"start":{"line":3,"column":13},"end":{"line":3,"column":43}},"3":{"start":{"line":4,"column":15},"end":{"line":4,"column":32}},"4":{"start":{"line":5,"column":16},"end":{"line":5,"column":49}},"5":{"start":{"line":6,"column":18},"end":{"line":6,"column":38}},"6":{"start":{"line":7,"column":20},"end":{"line":7,"column":55}},"7":{"start":{"line":9,"column":0},"end":{"line":27,"column":3}},"8":{"start":{"line":10,"column":16},"end":{"line":10,"column":72}},"9":{"start":{"line":11,"column":14},"end":{"line":11,"column":68}},"10":{"start":{"line":12,"column":25},"end":{"line":12,"column":57}},"11":{"start":{"line":14,"column":19},"end":{"line":24,"column":3}},"12":{"start":{"line":26,"column":2},"end":{"line":26,"column":33}},"13":{"start":{"line":29,"column":0},"end":{"line":29,"column":24}}},"fnMap":{"0":{"name":"(anonymous_0)","decl":{"start":{"line":9,"column":34},"end":{"line":9,"column":35}},"loc":{"start":{"line":9,"column":54},"end":{"line":27,"column":1}},"line":9}},"branchMap":{},"s":{"0":1,"1":1,"2":1,"3":1,"4":1,"5":1,"6":1,"7":1,"8":0,"9":0,"10":0,"11":0,"12":0,"13":1},"f":{"0":0},"b":{},"_coverageSchema":"1a1c01bbd47fc00a2c39e90264f33305004495a9","hash":"3fb4606c782eaf0b3d9bb60cf7b24b6b62542c4c"}
,"C:\\Users\\Acer\\Desktop\\Veera\\routes\\performances.js": {"path":"C:\\Users\\Acer\\Desktop\\Veera\\routes\\performances.js","statementMap":{"0":{"start":{"line":1,"column":16},"end":{"line":1,"column":34}},"1":{"start":{"line":2,"column":15},"end":{"line":2,"column":31}},"2":{"start":{"line":3,"column":13},"end":{"line":3,"column":43}},"3":{"start":{"line":4,"column":16},"end":{"line":4,"column":49}},"4":{"start":{"line":6,"column":20},"end":{"line":6,"column":55}},"5":{"start":{"line":8,"column":0},"end":{"line":15,"column":3}},"6":{"start":{"line":9,"column":22},"end":{"line":12,"column":4}},"7":{"start":{"line":14,"column":2},"end":{"line":14,"column":36}},"8":{"start":{"line":17,"column":0},"end":{"line":30,"column":3}},"9":{"start":{"line":18,"column":22},"end":{"line":28,"column":3}},"10":{"start":{"line":29,"column":2},"end":{"line":29,"column":36}},"11":{"start":{"line":32,"column":0},"end":{"line":32,"column":24}}},"fnMap":{"0":{"name":"(anonymous_0)","decl":{"start":{"line":8,"column":17},"end":{"line":8,"column":18}},"loc":{"start":{"line":8,"column":37},"end":{"line":15,"column":1}},"line":8},"1":{"name":"(anonymous_1)","decl":{"start":{"line":17,"column":36},"end":{"line":17,"column":37}},"loc":{"start":{"line":17,"column":56},"end":{"line":30,"column":1}},"line":17}},"branchMap":{},"s":{"0":1,"1":1,"2":1,"3":1,"4":1,"5":1,"6":0,"7":0,"8":1,"9":0,"10":0,"11":1},"f":{"0":0,"1":0},"b":{},"_coverageSchema":"1a1c01bbd47fc00a2c39e90264f33305004495a9","hash":"37b7c71121a4823dc6f19ad4dcc1024ea2dc48ba"}
,"C:\\Users\\Acer\\Desktop\\Veera\\routes\\skills.js": {"path":"C:\\Users\\Acer\\Desktop\\Veera\\routes\\skills.js","statementMap":{"0":{"start":{"line":1,"column":16},"end":{"line":1,"column":34}},"1":{"start":{"line":2,"column":15},"end":{"line":2,"column":31}},"2":{"start":{"line":3,"column":13},"end":{"line":3,"column":43}},"3":{"start":{"line":4,"column":16},"end":{"line":4,"column":49}},"4":{"start":{"line":5,"column":17},"end":{"line":5,"column":46}},"5":{"start":{"line":6,"column":14},"end":{"line":6,"column":41}},"6":{"start":{"line":7,"column":22},"end":{"line":7,"column":76}},"7":{"start":{"line":9,"column":0},"end":{"line":33,"column":3}},"8":{"start":{"line":10,"column":36},"end":{"line":10,"column":44}},"9":{"start":{"line":13,"column":2},"end":{"line":20,"column":3}},"10":{"start":{"line":14,"column":4},"end":{"line":17,"column":7}},"11":{"start":{"line":19,"column":4},"end":{"line":19,"column":43}},"12":{"start":{"line":22,"column":19},"end":{"line":22,"column":55}},"13":{"start":{"line":23,"column":2},"end":{"line":23,"column":63}},"14":{"start":{"line":23,"column":17},"end":{"line":23,"column":63}},"15":{"start":{"line":25,"column":2},"end":{"line":25,"column":60}},"16":{"start":{"line":27,"column":2},"end":{"line":30,"column":5}},"17":{"start":{"line":32,"column":2},"end":{"line":32,"column":30}},"18":{"start":{"line":35,"column":0},"end":{"line":49,"column":3}},"19":{"start":{"line":36,"column":16},"end":{"line":46,"column":3}},"20":{"start":{"line":48,"column":2},"end":{"line":48,"column":30}},"21":{"start":{"line":51,"column":0},"end":{"line":59,"column":3}},"22":{"start":{"line":52,"column":2},"end":{"line":56,"column":5}},"23":{"start":{"line":58,"column":2},"end":{"line":58,"column":47}},"24":{"start":{"line":61,"column":0},"end":{"line":61,"column":24}}},"fnMap":{"0":{"name":"(anonymous_0)","decl":{"start":{"line":9,"column":34},"end":{"line":9,"column":35}},"loc":{"start":{"line":9,"column":54},"end":{"line":33,"column":1}},"line":9},"1":{"name":"(anonymous_1)","decl":{"start":{"line":35,"column":36},"end":{"line":35,"column":37}},"loc":{"start":{"line":35,"column":56},"end":{"line":49,"column":1}},"line":35},"2":{"name":"(anonymous_2)","decl":{"start":{"line":51,"column":39},"end":{"line":51,"column":40}},"loc":{"start":{"line":51,"column":59},"end":{"line":59,"column":1}},"line":51}},"branchMap":{"0":{"loc":{"start":{"line":13,"column":2},"end":{"line":20,"column":3}},"type":"if","locations":[{"start":{"line":13,"column":2},"end":{"line":20,"column":3}},{"start":{"line":18,"column":9},"end":{"line":20,"column":3}}],"line":13},"1":{"loc":{"start":{"line":23,"column":2},"end":{"line":23,"column":63}},"type":"if","locations":[{"start":{"line":23,"column":2},"end":{"line":23,"column":63}},{"start":{},"end":{}}],"line":23}},"s":{"0":1,"1":1,"2":1,"3":1,"4":1,"5":1,"6":1,"7":1,"8":0,"9":0,"10":0,"11":0,"12":0,"13":0,"14":0,"15":0,"16":0,"17":0,"18":1,"19":0,"20":0,"21":1,"22":0,"23":0,"24":1},"f":{"0":0,"1":0,"2":0},"b":{"0":[0,0],"1":[0,0]},"_coverageSchema":"1a1c01bbd47fc00a2c39e90264f33305004495a9","hash":"8d6900a163eb6bd7177cea542f5b0424cb8e071f"}
,"C:\\Users\\Acer\\Desktop\\Veera\\routes\\ticket.js": {"path":"C:\\Users\\Acer\\Desktop\\Veera\\routes\\ticket.js","statementMap":{"0":{"start":{"line":1,"column":16},"end":{"line":1,"column":34}},"1":{"start":{"line":2,"column":15},"end":{"line":2,"column":31}},"2":{"start":{"line":3,"column":13},"end":{"line":3,"column":43}},"3":{"start":{"line":4,"column":16},"end":{"line":4,"column":49}},"4":{"start":{"line":5,"column":17},"end":{"line":5,"column":46}},"5":{"start":{"line":6,"column":15},"end":{"line":6,"column":42}},"6":{"start":{"line":7,"column":15},"end":{"line":7,"column":32}},"7":{"start":{"line":9,"column":0},"end":{"line":29,"column":3}},"8":{"start":{"line":10,"column":19},"end":{"line":10,"column":64}},"9":{"start":{"line":12,"column":2},"end":{"line":12,"column":63}},"10":{"start":{"line":12,"column":17},"end":{"line":12,"column":63}},"11":{"start":{"line":16,"column":21},"end":{"line":18,"column":3}},"12":{"start":{"line":19,"column":12},"end":{"line":19,"column":32}},"13":{"start":{"line":21,"column":17},"end":{"line":26,"column":4}},"14":{"start":{"line":28,"column":2},"end":{"line":28,"column":31}},"15":{"start":{"line":31,"column":0},"end":{"line":39,"column":3}},"16":{"start":{"line":32,"column":17},"end":{"line":36,"column":4}},"17":{"start":{"line":38,"column":2},"end":{"line":38,"column":31}},"18":{"start":{"line":41,"column":0},"end":{"line":49,"column":3}},"19":{"start":{"line":42,"column":2},"end":{"line":46,"column":5}},"20":{"start":{"line":48,"column":2},"end":{"line":48,"column":47}},"21":{"start":{"line":51,"column":0},"end":{"line":51,"column":24}}},"fnMap":{"0":{"name":"(anonymous_0)","decl":{"start":{"line":9,"column":34},"end":{"line":9,"column":35}},"loc":{"start":{"line":9,"column":54},"end":{"line":29,"column":1}},"line":9},"1":{"name":"(anonymous_1)","decl":{"start":{"line":31,"column":36},"end":{"line":31,"column":37}},"loc":{"start":{"line":31,"column":56},"end":{"line":39,"column":1}},"line":31},"2":{"name":"(anonymous_2)","decl":{"start":{"line":41,"column":39},"end":{"line":41,"column":40}},"loc":{"start":{"line":41,"column":59},"end":{"line":49,"column":1}},"line":41}},"branchMap":{"0":{"loc":{"start":{"line":12,"column":2},"end":{"line":12,"column":63}},"type":"if","locations":[{"start":{"line":12,"column":2},"end":{"line":12,"column":63}},{"start":{},"end":{}}],"line":12}},"s":{"0":1,"1":1,"2":1,"3":1,"4":1,"5":1,"6":1,"7":1,"8":0,"9":0,"10":0,"11":0,"12":0,"13":0,"14":0,"15":1,"16":0,"17":0,"18":1,"19":0,"20":0,"21":1},"f":{"0":0,"1":0,"2":0},"b":{"0":[0,0]},"_coverageSchema":"1a1c01bbd47fc00a2c39e90264f33305004495a9","hash":"754eb75e4e21f8c6cdc02dfaec0560054152f447"}
,"C:\\Users\\Acer\\Desktop\\Veera\\startup\\db.js": {"path":"C:\\Users\\Acer\\Desktop\\Veera\\startup\\db.js","statementMap":{"0":{"start":{"line":1,"column":18},"end":{"line":1,"column":38}},"1":{"start":{"line":2,"column":15},"end":{"line":2,"column":32}},"2":{"start":{"line":4,"column":0},"end":{"line":4,"column":52}}},"fnMap":{},"branchMap":{},"s":{"0":1,"1":1,"2":1},"f":{},"b":{},"_coverageSchema":"1a1c01bbd47fc00a2c39e90264f33305004495a9","hash":"4d97254f6250cb2dc70ff8b98123a6133bb96fc4"}
,"C:\\Users\\Acer\\Desktop\\Veera\\startup\\logging.js": {"path":"C:\\Users\\Acer\\Desktop\\Veera\\startup\\logging.js","statementMap":{"0":{"start":{"line":1,"column":16},"end":{"line":1,"column":34}},"1":{"start":{"line":3,"column":0},"end":{"line":3,"column":32}},"2":{"start":{"line":5,"column":0},"end":{"line":19,"column":1}},"3":{"start":{"line":6,"column":2},"end":{"line":8,"column":73}},"4":{"start":{"line":10,"column":2},"end":{"line":12,"column":5}},"5":{"start":{"line":11,"column":4},"end":{"line":11,"column":13}},"6":{"start":{"line":14,"column":2},"end":{"line":14,"column":68}}},"fnMap":{"0":{"name":"(anonymous_0)","decl":{"start":{"line":5,"column":17},"end":{"line":5,"column":18}},"loc":{"start":{"line":5,"column":28},"end":{"line":19,"column":1}},"line":5},"1":{"name":"(anonymous_1)","decl":{"start":{"line":10,"column":35},"end":{"line":10,"column":36}},"loc":{"start":{"line":10,"column":43},"end":{"line":12,"column":3}},"line":10}},"branchMap":{},"s":{"0":1,"1":1,"2":1,"3":1,"4":1,"5":0,"6":1},"f":{"0":1,"1":0},"b":{},"_coverageSchema":"1a1c01bbd47fc00a2c39e90264f33305004495a9","hash":"50cada40b49658b265c6847a67cf3d44a3c088ce"}
,"C:\\Users\\Acer\\Desktop\\Veera\\startup\\routes.js": {"path":"C:\\Users\\Acer\\Desktop\\Veera\\startup\\routes.js","statementMap":{"0":{"start":{"line":2,"column":16},"end":{"line":2,"column":42}},"1":{"start":{"line":3,"column":16},"end":{"line":3,"column":34}},"2":{"start":{"line":4,"column":15},"end":{"line":4,"column":32}},"3":{"start":{"line":5,"column":13},"end":{"line":5,"column":28}},"4":{"start":{"line":6,"column":18},"end":{"line":6,"column":48}},"5":{"start":{"line":7,"column":17},"end":{"line":7,"column":46}},"6":{"start":{"line":8,"column":21},"end":{"line":8,"column":54}},"7":{"start":{"line":9,"column":20},"end":{"line":9,"column":52}},"8":{"start":{"line":10,"column":20},"end":{"line":10,"column":52}},"9":{"start":{"line":11,"column":15},"end":{"line":11,"column":42}},"10":{"start":{"line":12,"column":15},"end":{"line":12,"column":42}},"11":{"start":{"line":13,"column":17},"end":{"line":13,"column":46}},"12":{"start":{"line":14,"column":14},"end":{"line":14,"column":40}},"13":{"start":{"line":15,"column":22},"end":{"line":15,"column":56}},"14":{"start":{"line":16,"column":16},"end":{"line":16,"column":43}},"15":{"start":{"line":17,"column":19},"end":{"line":17,"column":49}},"16":{"start":{"line":18,"column":14},"end":{"line":18,"column":45}},"17":{"start":{"line":19,"column":14},"end":{"line":19,"column":39}},"18":{"start":{"line":20,"column":17},"end":{"line":20,"column":46}},"19":{"start":{"line":22,"column":0},"end":{"line":43,"column":2}},"20":{"start":{"line":23,"column":2},"end":{"line":23,"column":50}},"21":{"start":{"line":24,"column":2},"end":{"line":24,"column":26}},"22":{"start":{"line":25,"column":2},"end":{"line":25,"column":20}},"23":{"start":{"line":26,"column":2},"end":{"line":26,"column":18}},"24":{"start":{"line":27,"column":2},"end":{"line":27,"column":38}},"25":{"start":{"line":28,"column":2},"end":{"line":28,"column":43}},"26":{"start":{"line":29,"column":2},"end":{"line":29,"column":35}},"27":{"start":{"line":30,"column":2},"end":{"line":30,"column":33}},"28":{"start":{"line":31,"column":2},"end":{"line":31,"column":39}},"29":{"start":{"line":32,"column":2},"end":{"line":32,"column":39}},"30":{"start":{"line":33,"column":2},"end":{"line":33,"column":41}},"31":{"start":{"line":34,"column":2},"end":{"line":34,"column":29}},"32":{"start":{"line":35,"column":2},"end":{"line":35,"column":31}},"33":{"start":{"line":36,"column":2},"end":{"line":36,"column":37}},"34":{"start":{"line":37,"column":2},"end":{"line":37,"column":34}},"35":{"start":{"line":38,"column":2},"end":{"line":38,"column":29}},"36":{"start":{"line":39,"column":2},"end":{"line":39,"column":33}},"37":{"start":{"line":40,"column":2},"end":{"line":40,"column":33}},"38":{"start":{"line":41,"column":2},"end":{"line":41,"column":27}},"39":{"start":{"line":42,"column":2},"end":{"line":42,"column":17}}},"fnMap":{"0":{"name":"(anonymous_0)","decl":{"start":{"line":22,"column":17},"end":{"line":22,"column":18}},"loc":{"start":{"line":22,"column":32},"end":{"line":43,"column":1}},"line":22}},"branchMap":{},"s":{"0":1,"1":1,"2":1,"3":1,"4":1,"5":1,"6":1,"7":1,"8":1,"9":1,"10":1,"11":1,"12":1,"13":1,"14":1,"15":1,"16":1,"17":1,"18":1,"19":1,"20":1,"21":1,"22":1,"23":1,"24":1,"25":1,"26":1,"27":1,"28":1,"29":1,"30":1,"31":1,"32":1,"33":1,"34":1,"35":1,"36":1,"37":1,"38":1,"39":1},"f":{"0":1},"b":{},"_coverageSchema":"1a1c01bbd47fc00a2c39e90264f33305004495a9","hash":"4586539df5696f7e3b44d26e83bece251b27b97d"}
,"C:\\Users\\Acer\\Desktop\\Veera\\web sockets\\chat.js": {"path":"C:\\Users\\Acer\\Desktop\\Veera\\web sockets\\chat.js","statementMap":{"0":{"start":{"line":1,"column":16},"end":{"line":1,"column":34}},"1":{"start":{"line":2,"column":16},"end":{"line":2,"column":44}},"2":{"start":{"line":3,"column":17},"end":{"line":3,"column":46}},"3":{"start":{"line":5,"column":0},"end":{"line":120,"column":2}},"4":{"start":{"line":6,"column":2},"end":{"line":6,"column":29}},"5":{"start":{"line":8,"column":20},"end":{"line":8,"column":22}},"6":{"start":{"line":10,"column":2},"end":{"line":119,"column":5}},"7":{"start":{"line":11,"column":4},"end":{"line":118,"column":5}},"8":{"start":{"line":12,"column":6},"end":{"line":12,"column":55}},"9":{"start":{"line":13,"column":22},"end":{"line":13,"column":39}},"10":{"start":{"line":14,"column":23},"end":{"line":14,"column":42}},"11":{"start":{"line":16,"column":6},"end":{"line":18,"column":7}},"12":{"start":{"line":17,"column":8},"end":{"line":17,"column":49}},"13":{"start":{"line":21,"column":6},"end":{"line":23,"column":7}},"14":{"start":{"line":22,"column":8},"end":{"line":22,"column":33}},"15":{"start":{"line":26,"column":6},"end":{"line":26,"column":35}},"16":{"start":{"line":29,"column":6},"end":{"line":45,"column":9}},"17":{"start":{"line":30,"column":27},"end":{"line":30,"column":53}},"18":{"start":{"line":33,"column":8},"end":{"line":44,"column":9}},"19":{"start":{"line":35,"column":10},"end":{"line":43,"column":13}},"20":{"start":{"line":36,"column":12},"end":{"line":42,"column":14}},"21":{"start":{"line":47,"column":6},"end":{"line":56,"column":8}},"22":{"start":{"line":58,"column":6},"end":{"line":58,"column":40}},"23":{"start":{"line":60,"column":23},"end":{"line":64,"column":8}},"24":{"start":{"line":65,"column":0},"end":{"line":65,"column":69}},"25":{"start":{"line":65,"column":14},"end":{"line":65,"column":69}},"26":{"start":{"line":67,"column":6},"end":{"line":75,"column":7}},"27":{"start":{"line":68,"column":8},"end":{"line":74,"column":10}},"28":{"start":{"line":78,"column":6},"end":{"line":97,"column":9}},"29":{"start":{"line":80,"column":18},"end":{"line":85,"column":10}},"30":{"start":{"line":88,"column":8},"end":{"line":96,"column":11}},"31":{"start":{"line":89,"column":10},"end":{"line":95,"column":12}},"32":{"start":{"line":99,"column":6},"end":{"line":114,"column":9}},"33":{"start":{"line":100,"column":8},"end":{"line":110,"column":10}},"34":{"start":{"line":113,"column":8},"end":{"line":113,"column":90}},"35":{"start":{"line":113,"column":71},"end":{"line":113,"column":88}},"36":{"start":{"line":116,"column":6},"end":{"line":116,"column":23}},"37":{"start":{"line":117,"column":6},"end":{"line":117,"column":33}}},"fnMap":{"0":{"name":"(anonymous_0)","decl":{"start":{"line":5,"column":17},"end":{"line":5,"column":18}},"loc":{"start":{"line":5,"column":32},"end":{"line":120,"column":1}},"line":5},"1":{"name":"(anonymous_1)","decl":{"start":{"line":10,"column":29},"end":{"line":10,"column":30}},"loc":{"start":{"line":10,"column":48},"end":{"line":119,"column":3}},"line":10},"2":{"name":"(anonymous_2)","decl":{"start":{"line":29,"column":37},"end":{"line":29,"column":38}},"loc":{"start":{"line":29,"column":63},"end":{"line":45,"column":7}},"line":29},"3":{"name":"(anonymous_3)","decl":{"start":{"line":35,"column":38},"end":{"line":35,"column":39}},"loc":{"start":{"line":35,"column":52},"end":{"line":43,"column":11}},"line":35},"4":{"name":"(anonymous_4)","decl":{"start":{"line":78,"column":23},"end":{"line":78,"column":24}},"loc":{"start":{"line":78,"column":38},"end":{"line":97,"column":7}},"line":78},"5":{"name":"(anonymous_5)","decl":{"start":{"line":88,"column":36},"end":{"line":88,"column":37}},"loc":{"start":{"line":88,"column":50},"end":{"line":96,"column":9}},"line":88},"6":{"name":"(anonymous_6)","decl":{"start":{"line":99,"column":21},"end":{"line":99,"column":22}},"loc":{"start":{"line":99,"column":33},"end":{"line":114,"column":7}},"line":99},"7":{"name":"(anonymous_7)","decl":{"start":{"line":113,"column":57},"end":{"line":113,"column":58}},"loc":{"start":{"line":113,"column":71},"end":{"line":113,"column":88}},"line":113}},"branchMap":{"0":{"loc":{"start":{"line":16,"column":6},"end":{"line":18,"column":7}},"type":"if","locations":[{"start":{"line":16,"column":6},"end":{"line":18,"column":7}},{"start":{},"end":{}}],"line":16},"1":{"loc":{"start":{"line":21,"column":6},"end":{"line":23,"column":7}},"type":"if","locations":[{"start":{"line":21,"column":6},"end":{"line":23,"column":7}},{"start":{},"end":{}}],"line":21},"2":{"loc":{"start":{"line":33,"column":8},"end":{"line":44,"column":9}},"type":"if","locations":[{"start":{"line":33,"column":8},"end":{"line":44,"column":9}},{"start":{},"end":{}}],"line":33},"3":{"loc":{"start":{"line":65,"column":0},"end":{"line":65,"column":69}},"type":"if","locations":[{"start":{"line":65,"column":0},"end":{"line":65,"column":69}},{"start":{},"end":{}}],"line":65}},"s":{"0":1,"1":1,"2":1,"3":1,"4":1,"5":1,"6":1,"7":0,"8":0,"9":0,"10":0,"11":0,"12":0,"13":0,"14":0,"15":0,"16":0,"17":0,"18":0,"19":0,"20":0,"21":0,"22":0,"23":0,"24":0,"25":0,"26":0,"27":0,"28":0,"29":0,"30":0,"31":0,"32":0,"33":0,"34":0,"35":0,"36":0,"37":0},"f":{"0":1,"1":0,"2":0,"3":0,"4":0,"5":0,"6":0,"7":0},"b":{"0":[0,0],"1":[0,0],"2":[0,0],"3":[0,0]},"_coverageSchema":"1a1c01bbd47fc00a2c39e90264f33305004495a9","hash":"bc7c751e85738d0541b7aeefc66f85d90f61aab4"}
}
